This file contains any messages produced by compilers while
running configure, to aid debugging if configure makes a mistake.

It was created by configure, which was
generated by GNU Autoconf 2.66.  Invocation command line was

  $ ./configure 

## --------- ##
## Platform. ##
## --------- ##

hostname = shtshrf
uname -m = x86_64
uname -r = 3.7.4-204.fc18.x86_64
uname -s = Linux
uname -v = #1 SMP Wed Jan 23 16:44:29 UTC 2013

/usr/bin/uname -p = x86_64
/bin/uname -X     = unknown

/bin/arch              = x86_64
/usr/bin/arch -k       = unknown
/usr/convex/getsysinfo = unknown
/usr/bin/hostinfo      = unknown
/bin/machine           = unknown
/usr/bin/oslevel       = unknown
/bin/universe          = unknown

PATH: /usr/lib64/qt-3.3/bin
PATH: /usr/lib64/ccache
PATH: /usr/local/bin
PATH: /usr/bin
PATH: /bin
PATH: /usr/local/sbin
PATH: /usr/sbin
PATH: /home/eklinger/.local/bin
PATH: /home/eklinger/bin
PATH: /home/eklinger/Downloads/apache-cassandra-1.2.2/bin


## ----------- ##
## Core tests. ##
## ----------- ##

configure:2293: checking for grep that handles long lines and -e
configure:2351: result: /usr/bin/grep
configure:2356: checking for egrep
configure:2418: result: /usr/bin/grep -E
configure:2423: checking for a sed that does not truncate output
configure:2487: result: /usr/bin/sed
configure:2621: checking for cc
configure:2637: found /usr/lib64/ccache/cc
configure:2648: result: cc
configure:2679: checking for C compiler version
configure:2688: cc --version >&5
cc (GCC) 4.7.2 20121109 (Red Hat 4.7.2-8)
Copyright (C) 2012 Free Software Foundation, Inc.
This is free software; see the source for copying conditions.  There is NO
warranty; not even for MERCHANTABILITY or FITNESS FOR A PARTICULAR PURPOSE.

configure:2699: $? = 0
configure:2688: cc -v >&5
Using built-in specs.
COLLECT_GCC=/usr/bin/cc
COLLECT_LTO_WRAPPER=/usr/libexec/gcc/x86_64-redhat-linux/4.7.2/lto-wrapper
Target: x86_64-redhat-linux
Configured with: ../configure --prefix=/usr --mandir=/usr/share/man --infodir=/usr/share/info --with-bugurl=http://bugzilla.redhat.com/bugzilla --enable-bootstrap --enable-shared --enable-threads=posix --enable-checking=release --disable-build-with-cxx --disable-build-poststage1-with-cxx --with-system-zlib --enable-__cxa_atexit --disable-libunwind-exceptions --enable-gnu-unique-object --enable-linker-build-id --with-linker-hash-style=gnu --enable-languages=c,c++,objc,obj-c++,java,fortran,ada,go,lto --enable-plugin --enable-initfini-array --enable-java-awt=gtk --disable-dssi --with-java-home=/usr/lib/jvm/java-1.5.0-gcj-1.5.0.0/jre --enable-libgcj-multifile --enable-java-maintainer-mode --with-ecj-jar=/usr/share/java/eclipse-ecj.jar --disable-libjava-multilib --with-ppl --with-cloog --with-tune=generic --with-arch_32=i686 --build=x86_64-redhat-linux
Thread model: posix
gcc version 4.7.2 20121109 (Red Hat 4.7.2-8) (GCC) 
configure:2699: $? = 0
configure:2688: cc -V >&5
cc: error: unrecognized command line option '-V'
cc: fatal error: no input files
compilation terminated.
configure:2699: $? = 4
configure:2688: cc -qversion >&5
cc: error: unrecognized command line option '-qversion'
cc: fatal error: no input files
compilation terminated.
configure:2699: $? = 4
configure:2719: checking whether the C compiler works
configure:2741: cc    conftest.c  >&5
configure:2745: $? = 0
configure:2793: result: yes
configure:2796: checking for C compiler default output file name
configure:2798: result: a.out
configure:2804: checking for suffix of executables
configure:2811: cc -o conftest    conftest.c  >&5
configure:2815: $? = 0
configure:2837: result: 
configure:2859: checking whether we are cross compiling
configure:2867: cc -o conftest    conftest.c  >&5
configure:2871: $? = 0
configure:2878: ./conftest
configure:2882: $? = 0
configure:2897: result: no
configure:2902: checking for suffix of object files
configure:2924: cc -c   conftest.c >&5
configure:2928: $? = 0
configure:2949: result: o
configure:2953: checking whether we are using the GNU C compiler
configure:2972: cc -c   conftest.c >&5
configure:2972: $? = 0
configure:2981: result: yes
configure:2990: checking whether cc accepts -g
configure:3010: cc -c -g  conftest.c >&5
configure:3010: $? = 0
configure:3051: result: yes
configure:3068: checking for cc option to accept ISO C89
configure:3132: cc  -c -g -O2  conftest.c >&5
configure:3132: $? = 0
configure:3145: result: none needed
configure:3171: checking how to run the C preprocessor
configure:3202: cc -E  conftest.c
configure:3202: $? = 0
configure:3216: cc -E  conftest.c
conftest.c:9:28: fatal error: ac_nonexistent.h: No such file or directory
compilation terminated.
configure:3216: $? = 1
configure: failed program was:
| /* confdefs.h */
| #define PACKAGE_NAME ""
| #define PACKAGE_TARNAME ""
| #define PACKAGE_VERSION ""
| #define PACKAGE_STRING ""
| #define PACKAGE_BUGREPORT ""
| #define PACKAGE_URL ""
| /* end confdefs.h.  */
| #include <ac_nonexistent.h>
configure:3241: result: cc -E
configure:3261: cc -E  conftest.c
configure:3261: $? = 0
configure:3275: cc -E  conftest.c
conftest.c:9:28: fatal error: ac_nonexistent.h: No such file or directory
compilation terminated.
configure:3275: $? = 1
configure: failed program was:
| /* confdefs.h */
| #define PACKAGE_NAME ""
| #define PACKAGE_TARNAME ""
| #define PACKAGE_VERSION ""
| #define PACKAGE_STRING ""
| #define PACKAGE_BUGREPORT ""
| #define PACKAGE_URL ""
| /* end confdefs.h.  */
| #include <ac_nonexistent.h>
configure:3306: checking for icc
configure:3315: result: no
configure:3329: checking for suncc
configure:3338: result: no
configure:3356: checking whether cc understands -c and -o together
configure:3384: cc -c conftest.c -o conftest2.o >&5
configure:3388: $? = 0
configure:3394: cc -c conftest.c -o conftest2.o >&5
configure:3398: $? = 0
configure:3453: result: yes
configure:3467: checking for system library directory
configure:3482: result: lib
configure:3489: checking if compiler supports -R
configure:3508: cc -o conftest -g -O2   conftest.c -R /usr/lib  >&5
cc: error: unrecognized option '-R'
configure:3508: $? = 1
configure: failed program was:
| /* confdefs.h */
| #define PACKAGE_NAME ""
| #define PACKAGE_TARNAME ""
| #define PACKAGE_VERSION ""
| #define PACKAGE_STRING ""
| #define PACKAGE_BUGREPORT ""
| #define PACKAGE_URL ""
| /* end confdefs.h.  */
| 
| int
| main ()
| {
| 
|   ;
|   return 0;
| }
configure:3518: result: no
configure:3523: checking if compiler supports -Wl,-rpath,
configure:3542: cc -o conftest -g -O2   conftest.c -Wl,-rpath,/usr/lib  >&5
configure:3542: $? = 0
configure:3552: result: yes
configure:3597: checking build system type
configure:3611: result: x86_64-unknown-linux-gnu
configure:3631: checking host system type
configure:3644: result: x86_64-unknown-linux-gnu
configure:3664: checking target system type
configure:3677: result: x86_64-unknown-linux-gnu
configure:3780: checking for PHP prefix
configure:3782: result: /usr
configure:3784: checking for PHP includes
configure:3786: result: -I/usr/include/php -I/usr/include/php/main -I/usr/include/php/TSRM -I/usr/include/php/Zend -I/usr/include/php/ext -I/usr/include/php/ext/date/lib
configure:3788: checking for PHP extension directory
configure:3790: result: /usr/lib64/php/modules
configure:3792: checking for PHP installed headers prefix
configure:3794: result: /usr/include/php
configure:3797: checking if debug is enabled
configure:3823: result: no
configure:3826: checking if zts is enabled
configure:3852: result: no
configure:3926: checking for re2c
configure:3956: result: no
configure:3981: WARNING: You will need re2c 0.13.4 or later if you want to regenerate PHP parsers.
configure:3995: checking for gawk
configure:4012: found /usr/bin/gawk
configure:4023: result: gawk
configure:4067: checking whether pHash is available
configure:4107: result: yes, shared
configure:4175: checking for g++
configure:4191: found /usr/lib64/ccache/g++
configure:4202: result: g++
configure:4229: checking for C++ compiler version
configure:4238: g++ --version >&5
g++ (GCC) 4.7.2 20121109 (Red Hat 4.7.2-8)
Copyright (C) 2012 Free Software Foundation, Inc.
This is free software; see the source for copying conditions.  There is NO
warranty; not even for MERCHANTABILITY or FITNESS FOR A PARTICULAR PURPOSE.

configure:4249: $? = 0
configure:4238: g++ -v >&5
Using built-in specs.
COLLECT_GCC=/usr/bin/g++
COLLECT_LTO_WRAPPER=/usr/libexec/gcc/x86_64-redhat-linux/4.7.2/lto-wrapper
Target: x86_64-redhat-linux
Configured with: ../configure --prefix=/usr --mandir=/usr/share/man --infodir=/usr/share/info --with-bugurl=http://bugzilla.redhat.com/bugzilla --enable-bootstrap --enable-shared --enable-threads=posix --enable-checking=release --disable-build-with-cxx --disable-build-poststage1-with-cxx --with-system-zlib --enable-__cxa_atexit --disable-libunwind-exceptions --enable-gnu-unique-object --enable-linker-build-id --with-linker-hash-style=gnu --enable-languages=c,c++,objc,obj-c++,java,fortran,ada,go,lto --enable-plugin --enable-initfini-array --enable-java-awt=gtk --disable-dssi --with-java-home=/usr/lib/jvm/java-1.5.0-gcj-1.5.0.0/jre --enable-libgcj-multifile --enable-java-maintainer-mode --with-ecj-jar=/usr/share/java/eclipse-ecj.jar --disable-libjava-multilib --with-ppl --with-cloog --with-tune=generic --with-arch_32=i686 --build=x86_64-redhat-linux
Thread model: posix
gcc version 4.7.2 20121109 (Red Hat 4.7.2-8) (GCC) 
configure:4249: $? = 0
configure:4238: g++ -V >&5
g++: error: unrecognized command line option '-V'
g++: fatal error: no input files
compilation terminated.
configure:4249: $? = 4
configure:4238: g++ -qversion >&5
g++: error: unrecognized command line option '-qversion'
g++: fatal error: no input files
compilation terminated.
configure:4249: $? = 4
configure:4253: checking whether we are using the GNU C++ compiler
configure:4272: g++ -c   conftest.cpp >&5
configure:4272: $? = 0
configure:4281: result: yes
configure:4290: checking whether g++ accepts -g
configure:4310: g++ -c -g  conftest.cpp >&5
configure:4310: $? = 0
configure:4351: result: yes
configure:4379: checking how to run the C++ preprocessor
configure:4406: g++ -E  conftest.cpp
configure:4406: $? = 0
configure:4420: g++ -E  conftest.cpp
conftest.cpp:9:28: fatal error: ac_nonexistent.h: No such file or directory
compilation terminated.
configure:4420: $? = 1
configure: failed program was:
| /* confdefs.h */
| #define PACKAGE_NAME ""
| #define PACKAGE_TARNAME ""
| #define PACKAGE_VERSION ""
| #define PACKAGE_STRING ""
| #define PACKAGE_BUGREPORT ""
| #define PACKAGE_URL ""
| /* end confdefs.h.  */
| #include <ac_nonexistent.h>
configure:4445: result: g++ -E
configure:4465: g++ -E  conftest.cpp
configure:4465: $? = 0
configure:4479: g++ -E  conftest.cpp
conftest.cpp:9:28: fatal error: ac_nonexistent.h: No such file or directory
compilation terminated.
configure:4479: $? = 1
configure: failed program was:
| /* confdefs.h */
| #define PACKAGE_NAME ""
| #define PACKAGE_TARNAME ""
| #define PACKAGE_VERSION ""
| #define PACKAGE_STRING ""
| #define PACKAGE_BUGREPORT ""
| #define PACKAGE_URL ""
| /* end confdefs.h.  */
| #include <ac_nonexistent.h>
configure:4544: checking for pHash in default path
configure:4549: result: found in /usr/local
configure:4595: checking for ANSI C header files
configure:4615: g++ -c -g -O2  -I/usr/include/php -I/usr/include/php/main -I/usr/include/php/TSRM -I/usr/include/php/Zend -I/usr/include/php/ext -I/usr/include/php/ext/date/lib -I/usr/local/include -DHAVE_PHASH conftest.cpp >&5
configure:4615: $? = 0
configure:4688: g++ -o conftest -g -O2  -I/usr/include/php -I/usr/include/php/main -I/usr/include/php/TSRM -I/usr/include/php/Zend -I/usr/include/php/ext -I/usr/include/php/ext/date/lib -I/usr/local/include -DHAVE_PHASH  conftest.cpp  >&5
configure:4688: $? = 0
configure:4688: ./conftest
configure:4688: $? = 0
configure:4699: result: yes
configure:4712: checking for sys/types.h
configure:4712: g++ -c -g -O2  -I/usr/include/php -I/usr/include/php/main -I/usr/include/php/TSRM -I/usr/include/php/Zend -I/usr/include/php/ext -I/usr/include/php/ext/date/lib -I/usr/local/include -DHAVE_PHASH conftest.cpp >&5
configure:4712: $? = 0
configure:4712: result: yes
configure:4712: checking for sys/stat.h
configure:4712: g++ -c -g -O2  -I/usr/include/php -I/usr/include/php/main -I/usr/include/php/TSRM -I/usr/include/php/Zend -I/usr/include/php/ext -I/usr/include/php/ext/date/lib -I/usr/local/include -DHAVE_PHASH conftest.cpp >&5
configure:4712: $? = 0
configure:4712: result: yes
configure:4712: checking for stdlib.h
configure:4712: g++ -c -g -O2  -I/usr/include/php -I/usr/include/php/main -I/usr/include/php/TSRM -I/usr/include/php/Zend -I/usr/include/php/ext -I/usr/include/php/ext/date/lib -I/usr/local/include -DHAVE_PHASH conftest.cpp >&5
configure:4712: $? = 0
configure:4712: result: yes
configure:4712: checking for string.h
configure:4712: g++ -c -g -O2  -I/usr/include/php -I/usr/include/php/main -I/usr/include/php/TSRM -I/usr/include/php/Zend -I/usr/include/php/ext -I/usr/include/php/ext/date/lib -I/usr/local/include -DHAVE_PHASH conftest.cpp >&5
configure:4712: $? = 0
configure:4712: result: yes
configure:4712: checking for memory.h
configure:4712: g++ -c -g -O2  -I/usr/include/php -I/usr/include/php/main -I/usr/include/php/TSRM -I/usr/include/php/Zend -I/usr/include/php/ext -I/usr/include/php/ext/date/lib -I/usr/local/include -DHAVE_PHASH conftest.cpp >&5
configure:4712: $? = 0
configure:4712: result: yes
configure:4712: checking for strings.h
configure:4712: g++ -c -g -O2  -I/usr/include/php -I/usr/include/php/main -I/usr/include/php/TSRM -I/usr/include/php/Zend -I/usr/include/php/ext -I/usr/include/php/ext/date/lib -I/usr/local/include -DHAVE_PHASH conftest.cpp >&5
configure:4712: $? = 0
configure:4712: result: yes
configure:4712: checking for inttypes.h
configure:4712: g++ -c -g -O2  -I/usr/include/php -I/usr/include/php/main -I/usr/include/php/TSRM -I/usr/include/php/Zend -I/usr/include/php/ext -I/usr/include/php/ext/date/lib -I/usr/local/include -DHAVE_PHASH conftest.cpp >&5
configure:4712: $? = 0
configure:4712: result: yes
configure:4712: checking for stdint.h
configure:4712: g++ -c -g -O2  -I/usr/include/php -I/usr/include/php/main -I/usr/include/php/TSRM -I/usr/include/php/Zend -I/usr/include/php/ext -I/usr/include/php/ext/date/lib -I/usr/local/include -DHAVE_PHASH conftest.cpp >&5
configure:4712: $? = 0
configure:4712: result: yes
configure:4712: checking for unistd.h
configure:4712: g++ -c -g -O2  -I/usr/include/php -I/usr/include/php/main -I/usr/include/php/TSRM -I/usr/include/php/Zend -I/usr/include/php/ext -I/usr/include/php/ext/date/lib -I/usr/local/include -DHAVE_PHASH conftest.cpp >&5
configure:4712: $? = 0
configure:4712: result: yes
configure:4724: checking pHash.h usability
configure:4724: g++ -c -g -O2  -I/usr/include/php -I/usr/include/php/main -I/usr/include/php/TSRM -I/usr/include/php/Zend -I/usr/include/php/ext -I/usr/include/php/ext/date/lib -I/usr/local/include -DHAVE_PHASH conftest.cpp >&5
configure:4724: $? = 0
configure:4724: result: yes
configure:4724: checking pHash.h presence
configure:4724: g++ -E  -I/usr/include/php -I/usr/include/php/main -I/usr/include/php/TSRM -I/usr/include/php/Zend -I/usr/include/php/ext -I/usr/include/php/ext/date/lib -I/usr/local/include -DHAVE_PHASH conftest.cpp
configure:4724: $? = 0
configure:4724: result: yes
configure:4724: checking for pHash.h
configure:4724: result: yes
configure:4732: checking audiophash.h usability
configure:4732: g++ -c -g -O2  -I/usr/include/php -I/usr/include/php/main -I/usr/include/php/TSRM -I/usr/include/php/Zend -I/usr/include/php/ext -I/usr/include/php/ext/date/lib -I/usr/local/include -DHAVE_PHASH conftest.cpp >&5
configure:4732: $? = 0
configure:4732: result: yes
configure:4732: checking audiophash.h presence
configure:4732: g++ -E  -I/usr/include/php -I/usr/include/php/main -I/usr/include/php/TSRM -I/usr/include/php/Zend -I/usr/include/php/ext -I/usr/include/php/ext/date/lib -I/usr/local/include -DHAVE_PHASH conftest.cpp
configure:4732: $? = 0
configure:4732: result: yes
configure:4732: checking for audiophash.h
configure:4732: result: yes
configure:4844: checking for ph_texthash in -lpHash
configure:4869: g++ -o conftest -g -O2  -I/usr/include/php -I/usr/include/php/main -I/usr/include/php/TSRM -I/usr/include/php/Zend -I/usr/include/php/ext -I/usr/include/php/ext/date/lib -I/usr/local/include -DHAVE_PHASH -Wl,-rpath,/usr/local/lib -L/usr/local/lib  conftest.cpp -lpHash   >&5
configure:4869: $? = 0
configure:4878: result: yes
configure:5003: checking PHP version
configure:5020: g++ -c -g -O2  -I/usr/include/php -I/usr/include/php/main -I/usr/include/php/TSRM -I/usr/include/php/Zend -I/usr/include/php/ext -I/usr/include/php/ext/date/lib -I/usr/local/include -DHAVE_PHASH conftest.cpp >&5
configure:5020: $? = 0
configure:5021: result: ok
configure:5386: checking how to print strings
configure:5413: result: printf
configure:5434: checking for a sed that does not truncate output
configure:5498: result: /usr/bin/sed
configure:5516: checking for fgrep
configure:5578: result: /usr/bin/grep -F
configure:5613: checking for ld used by cc
configure:5680: result: /usr/bin/ld
configure:5687: checking if the linker (/usr/bin/ld) is GNU ld
configure:5702: result: yes
configure:5714: checking for BSD- or MS-compatible name lister (nm)
configure:5763: result: /usr/bin/nm -B
configure:5893: checking the name lister (/usr/bin/nm -B) interface
configure:5900: g++ -c -g -O2  conftest.cpp >&5
configure:5903: /usr/bin/nm -B "conftest.o"
configure:5906: output
0000000000000000 B some_variable
configure:5913: result: BSD nm
configure:5916: checking whether ln -s works
configure:5920: result: yes
configure:5928: checking the maximum length of command line arguments
configure:6053: result: 1572864
configure:6070: checking whether the shell understands some XSI constructs
configure:6080: result: yes
configure:6084: checking whether the shell understands "+="
configure:6090: result: yes
configure:6125: checking for /usr/bin/ld option to reload object files
configure:6132: result: -r
configure:6201: checking for objdump
configure:6217: found /usr/bin/objdump
configure:6228: result: objdump
configure:6260: checking how to recognize dependent libraries
configure:6462: result: pass_all
configure:6522: checking for ar
configure:6538: found /usr/bin/ar
configure:6549: result: ar
configure:6627: checking for strip
configure:6643: found /usr/bin/strip
configure:6654: result: strip
configure:6726: checking for ranlib
configure:6742: found /usr/bin/ranlib
configure:6753: result: ranlib
configure:6830: checking for gawk
configure:6857: result: gawk
configure:6897: checking command to parse /usr/bin/nm -B output from cc object
configure:7015: g++ -c -g -O2  conftest.cpp >&5
configure:7018: $? = 0
configure:7022: /usr/bin/nm -B conftest.o \| sed -n -e 's/^.*[ ]\([ABCDGIRSTW][ABCDGIRSTW]*\)[ ][ ]*\([_A-Za-z][_A-Za-z0-9]*\)$/\1 \2 \2/p' \> conftest.nm
configure:7025: $? = 0
configure:7079: g++ -o conftest -g -O2   conftest.cpp conftstm.o >&5
configure:7082: $? = 0
configure:7120: result: ok
configure:7215: g++ -c -g -O2  conftest.cpp >&5
configure:7218: $? = 0
configure:7957: checking for dlfcn.h
configure:7957: g++ -c -g -O2  conftest.cpp >&5
configure:7957: $? = 0
configure:7957: result: yes
configure:8144: checking for objdir
configure:8159: result: .libs
configure:8430: checking if cc supports -fno-rtti -fno-exceptions
configure:8448: cc -c -g -O2  -fno-rtti -fno-exceptions conftest.c >&5
cc1: warning: command line option '-fno-rtti' is valid for C++/ObjC++ but not for C [enabled by default]
cc1: warning: command line option '-fno-rtti' is valid for C++/ObjC++ but not for C [enabled by default]
configure:8452: $? = 0
configure:8465: result: no
configure:8485: checking for cc option to produce PIC
configure:8770: result: -fPIC -DPIC
configure:8782: checking if cc PIC flag -fPIC -DPIC works
configure:8800: cc -c -g -O2  -fPIC -DPIC -DPIC conftest.c >&5
configure:8804: $? = 0
configure:8817: result: yes
configure:8841: checking if cc static flag -static works
configure:8869: result: no
configure:8884: checking if cc supports -c -o file.o
configure:8905: cc -c -g -O2  -o out/conftest2.o conftest.c >&5
configure:8909: $? = 0
configure:8931: result: yes
configure:8939: checking if cc supports -c -o file.o
configure:8986: result: yes
configure:9019: checking whether the cc linker (/usr/bin/ld -m elf_x86_64) supports shared libraries
configure:10094: result: yes
configure:10131: checking whether -lc should be explicitly linked in
configure:10139: cc -c -g -O2  conftest.c >&5
configure:10142: $? = 0
configure:10157: cc -shared conftest.o  -v -Wl,-soname -Wl,conftest -o conftest 2\>\&1 \| /usr/bin/grep  -lc  \>/dev/null 2\>\&1
configure:10160: $? = 0
configure:10174: result: no
configure:10339: checking dynamic linker characteristics
configure:10794: cc -o conftest -g -O2   -Wl,-rpath -Wl,/foo conftest.c  >&5
configure:10794: $? = 0
configure:11020: result: GNU/Linux ld.so
configure:11127: checking how to hardcode library paths into programs
configure:11152: result: immediate
configure:11692: checking whether stripping libraries is possible
configure:11697: result: yes
configure:11732: checking if libtool supports shared libraries
configure:11734: result: yes
configure:11737: checking whether to build shared libraries
configure:11758: result: yes
configure:11761: checking whether to build static libraries
configure:11765: result: no
configure:11788: checking how to run the C++ preprocessor
configure:11854: result: g++ -E
configure:11874: g++ -E  conftest.cpp
configure:11874: $? = 0
configure:11888: g++ -E  conftest.cpp
conftest.cpp:23:28: fatal error: ac_nonexistent.h: No such file or directory
compilation terminated.
configure:11888: $? = 1
configure: failed program was:
| /* confdefs.h */
| #define PACKAGE_NAME ""
| #define PACKAGE_TARNAME ""
| #define PACKAGE_VERSION ""
| #define PACKAGE_STRING ""
| #define PACKAGE_BUGREPORT ""
| #define PACKAGE_URL ""
| #define STDC_HEADERS 1
| #define HAVE_SYS_TYPES_H 1
| #define HAVE_SYS_STAT_H 1
| #define HAVE_STDLIB_H 1
| #define HAVE_STRING_H 1
| #define HAVE_MEMORY_H 1
| #define HAVE_STRINGS_H 1
| #define HAVE_INTTYPES_H 1
| #define HAVE_STDINT_H 1
| #define HAVE_UNISTD_H 1
| #define HAVE_PHASH 1
| #define COMPILE_DL_PHASH 1
| #define HAVE_DLFCN_H 1
| #define LT_OBJDIR ".libs/"
| /* end confdefs.h.  */
| #include <ac_nonexistent.h>
configure:12056: checking for ld used by g++
configure:12123: result: /usr/bin/ld -m elf_x86_64
configure:12130: checking if the linker (/usr/bin/ld -m elf_x86_64) is GNU ld
configure:12145: result: yes
configure:12200: checking whether the g++ linker (/usr/bin/ld -m elf_x86_64) supports shared libraries
configure:13132: result: yes
configure:13160: g++ -c -g -O2  conftest.cpp >&5
configure:13163: $? = 0
configure:13345: checking for g++ option to produce PIC
configure:13667: result: -fPIC -DPIC
configure:13676: checking if g++ PIC flag -fPIC -DPIC works
configure:13694: g++ -c -g -O2  -fPIC -DPIC -DPIC conftest.cpp >&5
configure:13698: $? = 0
configure:13711: result: yes
configure:13732: checking if g++ static flag -static works
configure:13760: result: no
configure:13772: checking if g++ supports -c -o file.o
configure:13793: g++ -c -g -O2  -o out/conftest2.o conftest.cpp >&5
configure:13797: $? = 0
configure:13819: result: yes
configure:13824: checking if g++ supports -c -o file.o
configure:13871: result: yes
configure:13901: checking whether the g++ linker (/usr/bin/ld -m elf_x86_64) supports shared libraries
configure:13929: result: yes
configure:14072: checking dynamic linker characteristics
configure:14687: result: GNU/Linux ld.so
configure:14740: checking how to hardcode library paths into programs
configure:14765: result: immediate
configure:15051: creating ./config.status

## ---------------------- ##
## Running config.status. ##
## ---------------------- ##

This file was extended by config.status, which was
generated by GNU Autoconf 2.66.  Invocation command line was

  CONFIG_FILES    = 
  CONFIG_HEADERS  = 
  CONFIG_LINKS    = 
  CONFIG_COMMANDS = 
  $ ./config.status 

on shtshrf

config.status:938: creating config.h
config.status:1042: executing libtool commands

## ---------------- ##
## Cache variables. ##
## ---------------- ##

ac_cv_build=x86_64-unknown-linux-gnu
ac_cv_c_compiler_gnu=yes
ac_cv_cxx_compiler_gnu=yes
ac_cv_env_CCC_set=
ac_cv_env_CCC_value=
ac_cv_env_CC_set=
ac_cv_env_CC_value=
ac_cv_env_CFLAGS_set=
ac_cv_env_CFLAGS_value=
ac_cv_env_CPPFLAGS_set=
ac_cv_env_CPPFLAGS_value=
ac_cv_env_CPP_set=
ac_cv_env_CPP_value=
ac_cv_env_CXXCPP_set=
ac_cv_env_CXXCPP_value=
ac_cv_env_CXXFLAGS_set=
ac_cv_env_CXXFLAGS_value=
ac_cv_env_CXX_set=
ac_cv_env_CXX_value=
ac_cv_env_LDFLAGS_set=
ac_cv_env_LDFLAGS_value=
ac_cv_env_LIBS_set=
ac_cv_env_LIBS_value=
ac_cv_env_build_alias_set=
ac_cv_env_build_alias_value=
ac_cv_env_host_alias_set=
ac_cv_env_host_alias_value=
ac_cv_env_target_alias_set=
ac_cv_env_target_alias_value=
ac_cv_header_audiophash_h=yes
ac_cv_header_dlfcn_h=yes
ac_cv_header_inttypes_h=yes
ac_cv_header_memory_h=yes
ac_cv_header_pHash_h=yes
ac_cv_header_stdc=yes
ac_cv_header_stdint_h=yes
ac_cv_header_stdlib_h=yes
ac_cv_header_string_h=yes
ac_cv_header_strings_h=yes
ac_cv_header_sys_stat_h=yes
ac_cv_header_sys_types_h=yes
ac_cv_header_unistd_h=yes
ac_cv_host=x86_64-unknown-linux-gnu
ac_cv_lib_pHash_ph_texthash=yes
ac_cv_objext=o
ac_cv_path_EGREP='/usr/bin/grep -E'
ac_cv_path_FGREP='/usr/bin/grep -F'
ac_cv_path_GREP=/usr/bin/grep
ac_cv_path_SED=/usr/bin/sed
ac_cv_prog_AWK=gawk
ac_cv_prog_CPP='cc -E'
ac_cv_prog_CXXCPP='g++ -E'
ac_cv_prog_ac_ct_AR=ar
ac_cv_prog_ac_ct_CC=cc
ac_cv_prog_ac_ct_CXX=g++
ac_cv_prog_ac_ct_OBJDUMP=objdump
ac_cv_prog_ac_ct_RANLIB=ranlib
ac_cv_prog_ac_ct_STRIP=strip
ac_cv_prog_cc_c89=
ac_cv_prog_cc_cc_c_o=yes
ac_cv_prog_cc_g=yes
ac_cv_prog_cxx_g=yes
ac_cv_target=x86_64-unknown-linux-gnu
lt_cv_archive_cmds_need_lc=no
lt_cv_deplibs_check_method=pass_all
lt_cv_file_magic_cmd='$MAGIC_CMD'
lt_cv_file_magic_test_file=
lt_cv_ld_reload_flag=-r
lt_cv_nm_interface='BSD nm'
lt_cv_objdir=.libs
lt_cv_path_LD=/usr/bin/ld
lt_cv_path_LDCXX='/usr/bin/ld -m elf_x86_64'
lt_cv_path_NM='/usr/bin/nm -B'
lt_cv_prog_compiler_c_o=yes
lt_cv_prog_compiler_c_o_CXX=yes
lt_cv_prog_compiler_pic_works=yes
lt_cv_prog_compiler_pic_works_CXX=yes
lt_cv_prog_compiler_rtti_exceptions=no
lt_cv_prog_compiler_static_works=no
lt_cv_prog_compiler_static_works_CXX=no
lt_cv_prog_gnu_ld=yes
lt_cv_prog_gnu_ldcxx=yes
lt_cv_shlibpath_overrides_runpath=no
lt_cv_sys_global_symbol_pipe='sed -n -e '\''s/^.*[	 ]\([ABCDGIRSTW][ABCDGIRSTW]*\)[	 ][	 ]*\([_A-Za-z][_A-Za-z0-9]*\)$/\1 \2 \2/p'\'''
lt_cv_sys_global_symbol_to_c_name_address='sed -n -e '\''s/^: \([^ ]*\) $/  {\"\1\", (void *) 0},/p'\'' -e '\''s/^[ABCDGIRSTW]* \([^ ]*\) \([^ ]*\)$/  {"\2", (void *) \&\2},/p'\'''
lt_cv_sys_global_symbol_to_c_name_address_lib_prefix='sed -n -e '\''s/^: \([^ ]*\) $/  {\"\1\", (void *) 0},/p'\'' -e '\''s/^[ABCDGIRSTW]* \([^ ]*\) \(lib[^ ]*\)$/  {"\2", (void *) \&\2},/p'\'' -e '\''s/^[ABCDGIRSTW]* \([^ ]*\) \([^ ]*\)$/  {"lib\2", (void *) \&\2},/p'\'''
lt_cv_sys_global_symbol_to_cdecl='sed -n -e '\''s/^T .* \(.*\)$/extern int \1();/p'\'' -e '\''s/^[ABCDGIRSTW]* .* \(.*\)$/extern char \1;/p'\'''
lt_cv_sys_max_cmd_len=1572864
php_cv_cc_dashr=no
php_cv_cc_rpath=yes

## ----------------- ##
## Output variables. ##
## ----------------- ##

AR='ar'
AWK='gawk'
CC='cc'
CFLAGS='-g -O2'
CONFIGURE_COMMAND=' '\''./configure'\'' '
CONFIGURE_OPTIONS=''
CPP='cc -E'
CPPFLAGS=' -DHAVE_CONFIG_H'
CXX='g++'
CXXCPP='g++ -E'
CXXFLAGS='-g -O2'
DEFS='-DHAVE_CONFIG_H'
DSYMUTIL=''
DUMPBIN=''
ECHO_C=''
ECHO_N='-n'
ECHO_T=''
EGREP='/usr/bin/grep -E'
EXEEXT=''
FGREP='/usr/bin/grep -F'
GREP='/usr/bin/grep'
LD='/usr/bin/ld -m elf_x86_64'
LDFLAGS=''
LIBOBJS=''
LIBS=''
LIBTOOL='$(SHELL) $(top_builddir)/libtool'
LIPO=''
LN_S='ln -s'
LTLIBOBJS=''
NM='/usr/bin/nm -B'
NMEDIT=''
OBJDUMP='objdump'
OBJEXT='o'
OTOOL64=''
OTOOL=''
PACKAGE_BUGREPORT=''
PACKAGE_NAME=''
PACKAGE_STRING=''
PACKAGE_TARNAME=''
PACKAGE_URL=''
PACKAGE_VERSION=''
PATH_SEPARATOR=':'
RANLIB='ranlib'
RE2C='exit 0;'
SED='/usr/bin/sed'
SHELL='/bin/sh'
SHLIB_DL_SUFFIX_NAME='so'
SHLIB_SUFFIX_NAME='so'
STRIP='strip'
ac_ct_CC='cc'
ac_ct_CXX='g++'
ac_ct_DUMPBIN=''
bindir='${exec_prefix}/bin'
build='x86_64-unknown-linux-gnu'
build_alias=''
build_cpu='x86_64'
build_os='linux-gnu'
build_vendor='unknown'
datadir='${datarootdir}'
datarootdir='${prefix}/share'
docdir='${datarootdir}/doc/${PACKAGE}'
dvidir='${docdir}'
exec_prefix='$(prefix)'
host='x86_64-unknown-linux-gnu'
host_alias='x86_64-unknown-linux-gnu'
host_cpu='x86_64'
host_os='linux-gnu'
host_vendor='unknown'
htmldir='${docdir}'
includedir='${prefix}/include'
infodir='${datarootdir}/info'
libdir='${exec_prefix}/lib'
libexecdir='${exec_prefix}/libexec'
localedir='${datarootdir}/locale'
localstatedir='${prefix}/var'
mandir='${datarootdir}/man'
oldincludedir='/usr/include'
pdfdir='${docdir}'
prefix='/usr'
program_transform_name='s,x,x,'
psdir='${docdir}'
sbindir='${exec_prefix}/sbin'
sharedstatedir='${prefix}/com'
sysconfdir='${prefix}/etc'
target='x86_64-unknown-linux-gnu'
target_alias=''
target_cpu='x86_64'
target_os='linux-gnu'
target_vendor='unknown'

## ----------- ##
## confdefs.h. ##
## ----------- ##

/* confdefs.h */
#define PACKAGE_NAME ""
#define PACKAGE_TARNAME ""
#define PACKAGE_VERSION ""
#define PACKAGE_STRING ""
#define PACKAGE_BUGREPORT ""
#define PACKAGE_URL ""
#define STDC_HEADERS 1
#define HAVE_SYS_TYPES_H 1
#define HAVE_SYS_STAT_H 1
#define HAVE_STDLIB_H 1
#define HAVE_STRING_H 1
#define HAVE_MEMORY_H 1
#define HAVE_STRINGS_H 1
#define HAVE_INTTYPES_H 1
#define HAVE_STDINT_H 1
#define HAVE_UNISTD_H 1
#define HAVE_PHASH 1
#define COMPILE_DL_PHASH 1
#define HAVE_DLFCN_H 1
#define LT_OBJDIR ".libs/"

configure: exit 0
