This file contains any messages produced by compilers while
running configure, to aid debugging if configure makes a mistake.

It was created by pHash configure 0.9.3, which was
generated by GNU Autoconf 2.65.  Invocation command line was

  $ ./configure --enable-java

## --------- ##
## Platform. ##
## --------- ##

hostname = oben
uname -m = i686
uname -r = 2.6.35-22-generic
uname -s = Linux
uname -v = #35-Ubuntu SMP Sat Oct 16 20:36:48 UTC 2010

/usr/bin/uname -p = unknown
/bin/uname -X     = unknown

/bin/arch              = unknown
/usr/bin/arch -k       = unknown
/usr/convex/getsysinfo = unknown
/usr/bin/hostinfo      = unknown
/bin/machine           = unknown
/usr/bin/oslevel       = unknown
/bin/universe          = unknown

PATH: /usr/local/sbin
PATH: /usr/local/bin
PATH: /usr/sbin
PATH: /usr/bin
PATH: /sbin
PATH: /bin
PATH: /usr/games
PATH: /usr/lib/java/jdk1.6.0_07
PATH: /home/marco/Uni/FHB/WS0809/projekt/webtest/build/bin
PATH: /home/marco/grails/grails-1.1.1/bin
PATH: /home/marco/Programme/JavaSDK/bin/
PATH: /home/marco/Uni/FHB/WS0809/projekt/webtest/build/bin
PATH: /usr/bin
PATH: /usr/lib/java/jdk1.6.0_07/jre/bin
PATH: /home/marco/.ec2/bin


## ----------- ##
## Core tests. ##
## ----------- ##

configure:2859: checking for a BSD-compatible install
configure:2927: result: /usr/bin/install -c
configure:2938: checking whether build environment is sane
configure:2988: result: yes
configure:3129: checking for a thread-safe mkdir -p
configure:3168: result: /bin/mkdir -p
configure:3181: checking for gawk
configure:3197: found /usr/bin/gawk
configure:3208: result: gawk
configure:3219: checking whether make sets $(MAKE)
configure:3241: result: yes
configure:3484: checking for g++
configure:3500: found /usr/bin/g++
configure:3511: result: g++
configure:3538: checking for C++ compiler version
configure:3547: g++ --version >&5
g++ (Ubuntu/Linaro 4.4.4-14ubuntu5) 4.4.5
Copyright (C) 2010 Free Software Foundation, Inc.
This is free software; see the source for copying conditions.  There is NO
warranty; not even for MERCHANTABILITY or FITNESS FOR A PARTICULAR PURPOSE.

configure:3558: $? = 0
configure:3547: g++ -v >&5
Using built-in specs.
Target: i686-linux-gnu
Configured with: ../src/configure -v --with-pkgversion='Ubuntu/Linaro 4.4.4-14ubuntu5' --with-bugurl=file:///usr/share/doc/gcc-4.4/README.Bugs --enable-languages=c,c++,fortran,objc,obj-c++ --prefix=/usr --program-suffix=-4.4 --enable-shared --enable-multiarch --enable-linker-build-id --with-system-zlib --libexecdir=/usr/lib --without-included-gettext --enable-threads=posix --with-gxx-include-dir=/usr/include/c++/4.4 --libdir=/usr/lib --enable-nls --with-sysroot=/ --enable-clocale=gnu --enable-libstdcxx-debug --enable-objc-gc --enable-targets=all --disable-werror --with-arch-32=i686 --with-tune=generic --enable-checking=release --build=i686-linux-gnu --host=i686-linux-gnu --target=i686-linux-gnu
Thread model: posix
gcc version 4.4.5 (Ubuntu/Linaro 4.4.4-14ubuntu5) 
configure:3558: $? = 0
configure:3547: g++ -V >&5
g++: '-V' option must have argument
configure:3558: $? = 1
configure:3547: g++ -qversion >&5
g++: unrecognized option '-qversion'
g++: no input files
configure:3558: $? = 1
configure:3578: checking whether the C++ compiler works
configure:3600: g++    conftest.cpp  >&5
configure:3604: $? = 0
configure:3653: result: yes
configure:3656: checking for C++ compiler default output file name
configure:3658: result: a.out
configure:3664: checking for suffix of executables
configure:3671: g++ -o conftest    conftest.cpp  >&5
configure:3675: $? = 0
configure:3697: result: 
configure:3719: checking whether we are cross compiling
configure:3727: g++ -o conftest    conftest.cpp  >&5
configure:3731: $? = 0
configure:3738: ./conftest
configure:3742: $? = 0
configure:3757: result: no
configure:3762: checking for suffix of object files
configure:3784: g++ -c   conftest.cpp >&5
configure:3788: $? = 0
configure:3809: result: o
configure:3813: checking whether we are using the GNU C++ compiler
configure:3832: g++ -c   conftest.cpp >&5
configure:3832: $? = 0
configure:3841: result: yes
configure:3850: checking whether g++ accepts -g
configure:3870: g++ -c -g  conftest.cpp >&5
configure:3870: $? = 0
configure:3911: result: yes
configure:3945: checking for style of include used by make
configure:3973: result: GNU
configure:3998: checking dependency style of g++
configure:4108: result: gcc3
configure:4171: checking for gcc
configure:4187: found /usr/bin/gcc
configure:4198: result: gcc
configure:4427: checking for C compiler version
configure:4436: gcc --version >&5
gcc (Ubuntu/Linaro 4.4.4-14ubuntu5) 4.4.5
Copyright (C) 2010 Free Software Foundation, Inc.
This is free software; see the source for copying conditions.  There is NO
warranty; not even for MERCHANTABILITY or FITNESS FOR A PARTICULAR PURPOSE.

configure:4447: $? = 0
configure:4436: gcc -v >&5
Using built-in specs.
Target: i686-linux-gnu
Configured with: ../src/configure -v --with-pkgversion='Ubuntu/Linaro 4.4.4-14ubuntu5' --with-bugurl=file:///usr/share/doc/gcc-4.4/README.Bugs --enable-languages=c,c++,fortran,objc,obj-c++ --prefix=/usr --program-suffix=-4.4 --enable-shared --enable-multiarch --enable-linker-build-id --with-system-zlib --libexecdir=/usr/lib --without-included-gettext --enable-threads=posix --with-gxx-include-dir=/usr/include/c++/4.4 --libdir=/usr/lib --enable-nls --with-sysroot=/ --enable-clocale=gnu --enable-libstdcxx-debug --enable-objc-gc --enable-targets=all --disable-werror --with-arch-32=i686 --with-tune=generic --enable-checking=release --build=i686-linux-gnu --host=i686-linux-gnu --target=i686-linux-gnu
Thread model: posix
gcc version 4.4.5 (Ubuntu/Linaro 4.4.4-14ubuntu5) 
configure:4447: $? = 0
configure:4436: gcc -V >&5
gcc: '-V' option must have argument
configure:4447: $? = 1
configure:4436: gcc -qversion >&5
gcc: unrecognized option '-qversion'
gcc: no input files
configure:4447: $? = 1
configure:4451: checking whether we are using the GNU C compiler
configure:4470: gcc -c   conftest.c >&5
configure:4470: $? = 0
configure:4479: result: yes
configure:4488: checking whether gcc accepts -g
configure:4508: gcc -c -g  conftest.c >&5
configure:4508: $? = 0
configure:4549: result: yes
configure:4566: checking for gcc option to accept ISO C89
configure:4630: gcc  -c -g -O2  conftest.c >&5
configure:4630: $? = 0
configure:4643: result: none needed
configure:4665: checking dependency style of gcc
configure:4775: result: gcc3
configure:4840: checking for gcj
configure:4870: result: no
configure:4899: checking dependency style of gcj
configure:5007: result: none
configure:5025: checking for /etc/gentoo-release
configure:5038: result: no
configure:5044: checking for /etc/redhat-release
configure:5057: result: no
configure:5063: checking for /etc/slackware-version
configure:5076: result: no
configure:5082: checking for /etc/debian_version
configure:5095: result: yes
configure:5101: checking for /etc/SuSErelease
configure:5114: result: no
configure:5136: checking build system type
configure:5150: result: i686-pc-linux-gnu
configure:5170: checking host system type
configure:5183: result: i686-pc-linux-gnu
configure:5373: checking for the pthreads library -lpthreads
configure:5411: gcc -o conftest -g -O2    conftest.c -lpthreads  >&5
/usr/bin/ld: cannot find -lpthreads
collect2: ld returned 1 exit status
configure:5411: $? = 1
configure: failed program was:
| /* confdefs.h */
| #define PACKAGE_NAME "pHash"
| #define PACKAGE_TARNAME "phash"
| #define PACKAGE_VERSION "0.9.3"
| #define PACKAGE_STRING "pHash 0.9.3"
| #define PACKAGE_BUGREPORT "support@phash.org"
| #define PACKAGE_URL ""
| #define PACKAGE "pHash"
| #define VERSION "0.9.3"
| /* end confdefs.h.  */
| #include <pthread.h>
| 	             static void routine(void* a) {a=0;}
| 	             static void* start_routine(void* a) {return a;}
| int
| main ()
| {
| pthread_t th; pthread_attr_t attr;
|                      pthread_join(th, 0);
|                      pthread_attr_init(&attr);
|                      pthread_cleanup_push(routine, 0);
|                      pthread_create(&th,0,start_routine,0);
|                      pthread_cleanup_pop(0);
|   ;
|   return 0;
| }
configure:5420: result: no
configure:5318: checking whether pthreads work without any flags
configure:5411: gcc -o conftest -g -O2    conftest.c   >&5
/tmp/ccYNMwlv.o: In function `main':
/home/marco/Uni/FHB/WS1011/MS/pHash-0.9.3/conftest.c:18: undefined reference to `pthread_join'
/home/marco/Uni/FHB/WS1011/MS/pHash-0.9.3/conftest.c:20: undefined reference to `__pthread_register_cancel'
/home/marco/Uni/FHB/WS1011/MS/pHash-0.9.3/conftest.c:21: undefined reference to `pthread_create'
/home/marco/Uni/FHB/WS1011/MS/pHash-0.9.3/conftest.c:22: undefined reference to `__pthread_unregister_cancel'
collect2: ld returned 1 exit status
configure:5411: $? = 1
configure: failed program was:
| /* confdefs.h */
| #define PACKAGE_NAME "pHash"
| #define PACKAGE_TARNAME "phash"
| #define PACKAGE_VERSION "0.9.3"
| #define PACKAGE_STRING "pHash 0.9.3"
| #define PACKAGE_BUGREPORT "support@phash.org"
| #define PACKAGE_URL ""
| #define PACKAGE "pHash"
| #define VERSION "0.9.3"
| /* end confdefs.h.  */
| #include <pthread.h>
| 	             static void routine(void* a) {a=0;}
| 	             static void* start_routine(void* a) {return a;}
| int
| main ()
| {
| pthread_t th; pthread_attr_t attr;
|                      pthread_join(th, 0);
|                      pthread_attr_init(&attr);
|                      pthread_cleanup_push(routine, 0);
|                      pthread_create(&th,0,start_routine,0);
|                      pthread_cleanup_pop(0);
|   ;
|   return 0;
| }
configure:5420: result: no
configure:5323: checking whether pthreads work with -Kthread
configure:5411: gcc -o conftest -g -O2 -Kthread   conftest.c   >&5
gcc: unrecognized option '-Kthread'
/tmp/ccUVwdpA.o: In function `main':
/home/marco/Uni/FHB/WS1011/MS/pHash-0.9.3/conftest.c:18: undefined reference to `pthread_join'
/home/marco/Uni/FHB/WS1011/MS/pHash-0.9.3/conftest.c:20: undefined reference to `__pthread_register_cancel'
/home/marco/Uni/FHB/WS1011/MS/pHash-0.9.3/conftest.c:21: undefined reference to `pthread_create'
/home/marco/Uni/FHB/WS1011/MS/pHash-0.9.3/conftest.c:22: undefined reference to `__pthread_unregister_cancel'
collect2: ld returned 1 exit status
configure:5411: $? = 1
configure: failed program was:
| /* confdefs.h */
| #define PACKAGE_NAME "pHash"
| #define PACKAGE_TARNAME "phash"
| #define PACKAGE_VERSION "0.9.3"
| #define PACKAGE_STRING "pHash 0.9.3"
| #define PACKAGE_BUGREPORT "support@phash.org"
| #define PACKAGE_URL ""
| #define PACKAGE "pHash"
| #define VERSION "0.9.3"
| /* end confdefs.h.  */
| #include <pthread.h>
| 	             static void routine(void* a) {a=0;}
| 	             static void* start_routine(void* a) {return a;}
| int
| main ()
| {
| pthread_t th; pthread_attr_t attr;
|                      pthread_join(th, 0);
|                      pthread_attr_init(&attr);
|                      pthread_cleanup_push(routine, 0);
|                      pthread_create(&th,0,start_routine,0);
|                      pthread_cleanup_pop(0);
|   ;
|   return 0;
| }
configure:5420: result: no
configure:5323: checking whether pthreads work with -kthread
configure:5411: gcc -o conftest -g -O2 -kthread   conftest.c   >&5
gcc: unrecognized option '-kthread'
/tmp/cc189dBw.o: In function `main':
/home/marco/Uni/FHB/WS1011/MS/pHash-0.9.3/conftest.c:18: undefined reference to `pthread_join'
/home/marco/Uni/FHB/WS1011/MS/pHash-0.9.3/conftest.c:20: undefined reference to `__pthread_register_cancel'
/home/marco/Uni/FHB/WS1011/MS/pHash-0.9.3/conftest.c:21: undefined reference to `pthread_create'
/home/marco/Uni/FHB/WS1011/MS/pHash-0.9.3/conftest.c:22: undefined reference to `__pthread_unregister_cancel'
collect2: ld returned 1 exit status
configure:5411: $? = 1
configure: failed program was:
| /* confdefs.h */
| #define PACKAGE_NAME "pHash"
| #define PACKAGE_TARNAME "phash"
| #define PACKAGE_VERSION "0.9.3"
| #define PACKAGE_STRING "pHash 0.9.3"
| #define PACKAGE_BUGREPORT "support@phash.org"
| #define PACKAGE_URL ""
| #define PACKAGE "pHash"
| #define VERSION "0.9.3"
| /* end confdefs.h.  */
| #include <pthread.h>
| 	             static void routine(void* a) {a=0;}
| 	             static void* start_routine(void* a) {return a;}
| int
| main ()
| {
| pthread_t th; pthread_attr_t attr;
|                      pthread_join(th, 0);
|                      pthread_attr_init(&attr);
|                      pthread_cleanup_push(routine, 0);
|                      pthread_create(&th,0,start_routine,0);
|                      pthread_cleanup_pop(0);
|   ;
|   return 0;
| }
configure:5420: result: no
configure:5373: checking for the pthreads library -llthread
configure:5411: gcc -o conftest -g -O2    conftest.c -llthread  >&5
/usr/bin/ld: cannot find -llthread
collect2: ld returned 1 exit status
configure:5411: $? = 1
configure: failed program was:
| /* confdefs.h */
| #define PACKAGE_NAME "pHash"
| #define PACKAGE_TARNAME "phash"
| #define PACKAGE_VERSION "0.9.3"
| #define PACKAGE_STRING "pHash 0.9.3"
| #define PACKAGE_BUGREPORT "support@phash.org"
| #define PACKAGE_URL ""
| #define PACKAGE "pHash"
| #define VERSION "0.9.3"
| /* end confdefs.h.  */
| #include <pthread.h>
| 	             static void routine(void* a) {a=0;}
| 	             static void* start_routine(void* a) {return a;}
| int
| main ()
| {
| pthread_t th; pthread_attr_t attr;
|                      pthread_join(th, 0);
|                      pthread_attr_init(&attr);
|                      pthread_cleanup_push(routine, 0);
|                      pthread_create(&th,0,start_routine,0);
|                      pthread_cleanup_pop(0);
|   ;
|   return 0;
| }
configure:5420: result: no
configure:5323: checking whether pthreads work with -pthread
configure:5411: gcc -o conftest -g -O2 -pthread   conftest.c   >&5
configure:5411: $? = 0
configure:5420: result: yes
configure:5439: checking for joinable pthread attribute
configure:5454: gcc -o conftest -g -O2 -pthread   conftest.c   >&5
configure:5454: $? = 0
configure:5460: result: PTHREAD_CREATE_JOINABLE
configure:5470: checking if more special flags are required for pthreads
configure:5477: result: no
configure:5621: checking how to run the C preprocessor
configure:5652: gcc -E -g -O2 -pthread conftest.c
configure:5652: $? = 0
configure:5666: gcc -E -g -O2 -pthread conftest.c
conftest.c:12: fatal error: ac_nonexistent.h: No such file or directory
compilation terminated.
configure:5666: $? = 1
configure: failed program was:
| /* confdefs.h */
| #define PACKAGE_NAME "pHash"
| #define PACKAGE_TARNAME "phash"
| #define PACKAGE_VERSION "0.9.3"
| #define PACKAGE_STRING "pHash 0.9.3"
| #define PACKAGE_BUGREPORT "support@phash.org"
| #define PACKAGE_URL ""
| #define PACKAGE "pHash"
| #define VERSION "0.9.3"
| #define HAVE_PTHREAD 1
| /* end confdefs.h.  */
| #include <ac_nonexistent.h>
configure:5691: result: gcc -E
configure:5711: gcc -E -g -O2 -pthread conftest.c
configure:5711: $? = 0
configure:5725: gcc -E -g -O2 -pthread conftest.c
conftest.c:12: fatal error: ac_nonexistent.h: No such file or directory
compilation terminated.
configure:5725: $? = 1
configure: failed program was:
| /* confdefs.h */
| #define PACKAGE_NAME "pHash"
| #define PACKAGE_TARNAME "phash"
| #define PACKAGE_VERSION "0.9.3"
| #define PACKAGE_STRING "pHash 0.9.3"
| #define PACKAGE_BUGREPORT "support@phash.org"
| #define PACKAGE_URL ""
| #define PACKAGE "pHash"
| #define VERSION "0.9.3"
| #define HAVE_PTHREAD 1
| /* end confdefs.h.  */
| #include <ac_nonexistent.h>
configure:5754: checking for grep that handles long lines and -e
configure:5812: result: /bin/grep
configure:5817: checking for egrep
configure:5879: result: /bin/grep -E
configure:5884: checking for ANSI C header files
configure:5904: gcc -c -g -O2 -g -O2 -pthread conftest.c >&5
configure:5904: $? = 0
configure:5977: gcc -o conftest -g -O2 -g -O2 -pthread    conftest.c   >&5
configure:5977: $? = 0
configure:5977: ./conftest
configure:5977: $? = 0
configure:5988: result: yes
configure:6001: checking for sys/types.h
configure:6001: gcc -c -g -O2 -g -O2 -pthread conftest.c >&5
configure:6001: $? = 0
configure:6001: result: yes
configure:6001: checking for sys/stat.h
configure:6001: gcc -c -g -O2 -g -O2 -pthread conftest.c >&5
configure:6001: $? = 0
configure:6001: result: yes
configure:6001: checking for stdlib.h
configure:6001: gcc -c -g -O2 -g -O2 -pthread conftest.c >&5
configure:6001: $? = 0
configure:6001: result: yes
configure:6001: checking for string.h
configure:6001: gcc -c -g -O2 -g -O2 -pthread conftest.c >&5
configure:6001: $? = 0
configure:6001: result: yes
configure:6001: checking for memory.h
configure:6001: gcc -c -g -O2 -g -O2 -pthread conftest.c >&5
configure:6001: $? = 0
configure:6001: result: yes
configure:6001: checking for strings.h
configure:6001: gcc -c -g -O2 -g -O2 -pthread conftest.c >&5
configure:6001: $? = 0
configure:6001: result: yes
configure:6001: checking for inttypes.h
configure:6001: gcc -c -g -O2 -g -O2 -pthread conftest.c >&5
configure:6001: $? = 0
configure:6001: result: yes
configure:6001: checking for stdint.h
configure:6001: gcc -c -g -O2 -g -O2 -pthread conftest.c >&5
configure:6001: $? = 0
configure:6001: result: yes
configure:6001: checking for unistd.h
configure:6001: gcc -c -g -O2 -g -O2 -pthread conftest.c >&5
configure:6001: $? = 0
configure:6001: result: yes
configure:6016: checking jni.h usability
configure:6016: gcc -c -g -O2 -g -O2 -pthread conftest.c >&5
conftest.c:55: fatal error: jni.h: No such file or directory
compilation terminated.
configure:6016: $? = 1
configure: failed program was:
| /* confdefs.h */
| #define PACKAGE_NAME "pHash"
| #define PACKAGE_TARNAME "phash"
| #define PACKAGE_VERSION "0.9.3"
| #define PACKAGE_STRING "pHash 0.9.3"
| #define PACKAGE_BUGREPORT "support@phash.org"
| #define PACKAGE_URL ""
| #define PACKAGE "pHash"
| #define VERSION "0.9.3"
| #define HAVE_PTHREAD 1
| #define STDC_HEADERS 1
| #define HAVE_SYS_TYPES_H 1
| #define HAVE_SYS_STAT_H 1
| #define HAVE_STDLIB_H 1
| #define HAVE_STRING_H 1
| #define HAVE_MEMORY_H 1
| #define HAVE_STRINGS_H 1
| #define HAVE_INTTYPES_H 1
| #define HAVE_STDINT_H 1
| #define HAVE_UNISTD_H 1
| /* end confdefs.h.  */
| #include <stdio.h>
| #ifdef HAVE_SYS_TYPES_H
| # include <sys/types.h>
| #endif
| #ifdef HAVE_SYS_STAT_H
| # include <sys/stat.h>
| #endif
| #ifdef STDC_HEADERS
| # include <stdlib.h>
| # include <stddef.h>
| #else
| # ifdef HAVE_STDLIB_H
| #  include <stdlib.h>
| # endif
| #endif
| #ifdef HAVE_STRING_H
| # if !defined STDC_HEADERS && defined HAVE_MEMORY_H
| #  include <memory.h>
| # endif
| # include <string.h>
| #endif
| #ifdef HAVE_STRINGS_H
| # include <strings.h>
| #endif
| #ifdef HAVE_INTTYPES_H
| # include <inttypes.h>
| #endif
| #ifdef HAVE_STDINT_H
| # include <stdint.h>
| #endif
| #ifdef HAVE_UNISTD_H
| # include <unistd.h>
| #endif
| #include <jni.h>
configure:6016: result: no
configure:6016: checking jni.h presence
configure:6016: gcc -E -g -O2 -pthread conftest.c
conftest.c:22: fatal error: jni.h: No such file or directory
compilation terminated.
configure:6016: $? = 1
configure: failed program was:
| /* confdefs.h */
| #define PACKAGE_NAME "pHash"
| #define PACKAGE_TARNAME "phash"
| #define PACKAGE_VERSION "0.9.3"
| #define PACKAGE_STRING "pHash 0.9.3"
| #define PACKAGE_BUGREPORT "support@phash.org"
| #define PACKAGE_URL ""
| #define PACKAGE "pHash"
| #define VERSION "0.9.3"
| #define HAVE_PTHREAD 1
| #define STDC_HEADERS 1
| #define HAVE_SYS_TYPES_H 1
| #define HAVE_SYS_STAT_H 1
| #define HAVE_STDLIB_H 1
| #define HAVE_STRING_H 1
| #define HAVE_MEMORY_H 1
| #define HAVE_STRINGS_H 1
| #define HAVE_INTTYPES_H 1
| #define HAVE_STDINT_H 1
| #define HAVE_UNISTD_H 1
| /* end confdefs.h.  */
| #include <jni.h>
configure:6016: result: no
configure:6016: checking for jni.h
configure:6016: result: no
configure:6026: checking whether jni.h is in the current or src directory.
configure:6034: result: no
configure:6036: checking if jni.h is in other system directories.
configure:6041: result: yes
configure:6072: checking whether ln -s works
configure:6076: result: yes
configure:6110: checking for a sed that does not truncate output
configure:6174: result: /bin/sed
configure:6192: checking for fgrep
configure:6254: result: /bin/grep -F
configure:6289: checking for ld used by gcc
configure:6356: result: /usr/bin/ld
configure:6363: checking if the linker (/usr/bin/ld) is GNU ld
configure:6378: result: yes
configure:6390: checking for BSD- or MS-compatible name lister (nm)
configure:6439: result: /usr/bin/nm -B
configure:6557: checking the name lister (/usr/bin/nm -B) interface
configure:6564: g++ -c  -O2 -ffast-math -O3 -g -O2 -pthread -I /home/marco/Programme/JavaSDK/jdk/include -I /home/marco/Programme/JavaSDK/jdk/include/linux conftest.cpp >&5
configure:6567: /usr/bin/nm -B "conftest.o"
configure:6570: output
00000000 B some_variable
configure:6577: result: BSD nm
configure:6581: checking the maximum length of command line arguments
configure:6701: result: 1572864
configure:6718: checking whether the shell understands some XSI constructs
configure:6728: result: yes
configure:6732: checking whether the shell understands "+="
configure:6738: result: yes
configure:6773: checking for /usr/bin/ld option to reload object files
configure:6780: result: -r
configure:6849: checking for objdump
configure:6865: found /usr/bin/objdump
configure:6876: result: objdump
configure:6908: checking how to recognize dependent libraries
configure:7104: result: pass_all
configure:7164: checking for ar
configure:7180: found /usr/bin/ar
configure:7191: result: ar
configure:7269: checking for strip
configure:7285: found /usr/bin/strip
configure:7296: result: strip
configure:7368: checking for ranlib
configure:7384: found /usr/bin/ranlib
configure:7395: result: ranlib
configure:7485: checking command to parse /usr/bin/nm -B output from gcc object
configure:7603: g++ -c  -O2 -ffast-math -O3 -g -O2 -pthread -I /home/marco/Programme/JavaSDK/jdk/include -I /home/marco/Programme/JavaSDK/jdk/include/linux conftest.cpp >&5
configure:7606: $? = 0
configure:7610: /usr/bin/nm -B conftest.o \| sed -n -e 's/^.*[	 ]\([ABCDGIRSTW][ABCDGIRSTW]*\)[	 ][	 ]*\([_A-Za-z][_A-Za-z0-9]*\)$/\1 \2 \2/p' \> conftest.nm
configure:7613: $? = 0
configure:7667: g++ -o conftest  -O2 -ffast-math -O3 -g -O2 -pthread -I /home/marco/Programme/JavaSDK/jdk/include -I /home/marco/Programme/JavaSDK/jdk/include/linux    conftest.cpp conftstm.o >&5
configure:7670: $? = 0
configure:7708: result: ok
configure:8513: checking for dlfcn.h
configure:8513: g++ -c  -O2 -ffast-math -O3 -g -O2 -pthread -I /home/marco/Programme/JavaSDK/jdk/include -I /home/marco/Programme/JavaSDK/jdk/include/linux conftest.cpp >&5
configure:8513: $? = 0
configure:8513: result: yes
configure:8638: checking for C++ compiler version
configure:8647: g++ --version >&5
g++ (Ubuntu/Linaro 4.4.4-14ubuntu5) 4.4.5
Copyright (C) 2010 Free Software Foundation, Inc.
This is free software; see the source for copying conditions.  There is NO
warranty; not even for MERCHANTABILITY or FITNESS FOR A PARTICULAR PURPOSE.

configure:8658: $? = 0
configure:8647: g++ -v >&5
Using built-in specs.
Target: i686-linux-gnu
Configured with: ../src/configure -v --with-pkgversion='Ubuntu/Linaro 4.4.4-14ubuntu5' --with-bugurl=file:///usr/share/doc/gcc-4.4/README.Bugs --enable-languages=c,c++,fortran,objc,obj-c++ --prefix=/usr --program-suffix=-4.4 --enable-shared --enable-multiarch --enable-linker-build-id --with-system-zlib --libexecdir=/usr/lib --without-included-gettext --enable-threads=posix --with-gxx-include-dir=/usr/include/c++/4.4 --libdir=/usr/lib --enable-nls --with-sysroot=/ --enable-clocale=gnu --enable-libstdcxx-debug --enable-objc-gc --enable-targets=all --disable-werror --with-arch-32=i686 --with-tune=generic --enable-checking=release --build=i686-linux-gnu --host=i686-linux-gnu --target=i686-linux-gnu
Thread model: posix
gcc version 4.4.5 (Ubuntu/Linaro 4.4.4-14ubuntu5) 
configure:8658: $? = 0
configure:8647: g++ -V >&5
g++: '-V' option must have argument
configure:8658: $? = 1
configure:8647: g++ -qversion >&5
g++: unrecognized option '-qversion'
g++: no input files
configure:8658: $? = 1
configure:8662: checking whether we are using the GNU C++ compiler
configure:8690: result: yes
configure:8699: checking whether g++ accepts -g
configure:8760: result: yes
configure:8785: checking dependency style of g++
configure:8895: result: gcc3
configure:8918: checking how to run the C++ preprocessor
configure:8945: g++ -E -g -O2 -pthread -I /home/marco/Programme/JavaSDK/jdk/include -I /home/marco/Programme/JavaSDK/jdk/include/linux conftest.cpp
configure:8945: $? = 0
configure:8959: g++ -E -g -O2 -pthread -I /home/marco/Programme/JavaSDK/jdk/include -I /home/marco/Programme/JavaSDK/jdk/include/linux conftest.cpp
conftest.cpp:23: fatal error: ac_nonexistent.h: No such file or directory
compilation terminated.
configure:8959: $? = 1
configure: failed program was:
| /* confdefs.h */
| #define PACKAGE_NAME "pHash"
| #define PACKAGE_TARNAME "phash"
| #define PACKAGE_VERSION "0.9.3"
| #define PACKAGE_STRING "pHash 0.9.3"
| #define PACKAGE_BUGREPORT "support@phash.org"
| #define PACKAGE_URL ""
| #define PACKAGE "pHash"
| #define VERSION "0.9.3"
| #define HAVE_PTHREAD 1
| #define STDC_HEADERS 1
| #define HAVE_SYS_TYPES_H 1
| #define HAVE_SYS_STAT_H 1
| #define HAVE_STDLIB_H 1
| #define HAVE_STRING_H 1
| #define HAVE_MEMORY_H 1
| #define HAVE_STRINGS_H 1
| #define HAVE_INTTYPES_H 1
| #define HAVE_STDINT_H 1
| #define HAVE_UNISTD_H 1
| #define HAVE_DLFCN_H 1
| /* end confdefs.h.  */
| #include <ac_nonexistent.h>
configure:8984: result: g++ -E
configure:9004: g++ -E -g -O2 -pthread -I /home/marco/Programme/JavaSDK/jdk/include -I /home/marco/Programme/JavaSDK/jdk/include/linux conftest.cpp
configure:9004: $? = 0
configure:9018: g++ -E -g -O2 -pthread -I /home/marco/Programme/JavaSDK/jdk/include -I /home/marco/Programme/JavaSDK/jdk/include/linux conftest.cpp
conftest.cpp:23: fatal error: ac_nonexistent.h: No such file or directory
compilation terminated.
configure:9018: $? = 1
configure: failed program was:
| /* confdefs.h */
| #define PACKAGE_NAME "pHash"
| #define PACKAGE_TARNAME "phash"
| #define PACKAGE_VERSION "0.9.3"
| #define PACKAGE_STRING "pHash 0.9.3"
| #define PACKAGE_BUGREPORT "support@phash.org"
| #define PACKAGE_URL ""
| #define PACKAGE "pHash"
| #define VERSION "0.9.3"
| #define HAVE_PTHREAD 1
| #define STDC_HEADERS 1
| #define HAVE_SYS_TYPES_H 1
| #define HAVE_SYS_STAT_H 1
| #define HAVE_STDLIB_H 1
| #define HAVE_STRING_H 1
| #define HAVE_MEMORY_H 1
| #define HAVE_STRINGS_H 1
| #define HAVE_INTTYPES_H 1
| #define HAVE_STDINT_H 1
| #define HAVE_UNISTD_H 1
| #define HAVE_DLFCN_H 1
| /* end confdefs.h.  */
| #include <ac_nonexistent.h>
configure:9160: checking dependency style of gcj
configure:9268: result: none
configure:9457: checking for objdir
configure:9472: result: .libs
configure:9764: checking if gcc supports -fno-rtti -fno-exceptions
configure:9782: gcc -c -g -O2 -g -O2 -pthread -I /home/marco/Programme/JavaSDK/jdk/include -I /home/marco/Programme/JavaSDK/jdk/include/linux -fno-rtti -fno-exceptions conftest.c >&5
cc1: warning: command line option "-fno-rtti" is valid for C++/ObjC++ but not for C
configure:9786: $? = 0
configure:9799: result: no
configure:9819: checking for gcc option to produce PIC
configure:10091: result: -fPIC -DPIC
configure:10103: checking if gcc PIC flag -fPIC -DPIC works
configure:10121: gcc -c -g -O2 -g -O2 -pthread -I /home/marco/Programme/JavaSDK/jdk/include -I /home/marco/Programme/JavaSDK/jdk/include/linux -fPIC -DPIC -DPIC conftest.c >&5
configure:10125: $? = 0
configure:10138: result: yes
configure:10162: checking if gcc static flag -static works
configure:10190: result: yes
configure:10205: checking if gcc supports -c -o file.o
configure:10226: gcc -c -g -O2 -g -O2 -pthread -I /home/marco/Programme/JavaSDK/jdk/include -I /home/marco/Programme/JavaSDK/jdk/include/linux -o out/conftest2.o conftest.c >&5
configure:10230: $? = 0
configure:10252: result: yes
configure:10260: checking if gcc supports -c -o file.o
configure:10307: result: yes
configure:10340: checking whether the gcc linker (/usr/bin/ld) supports shared libraries
configure:11326: result: yes
configure:11363: checking whether -lc should be explicitly linked in
configure:11368: gcc -c -g -O2 -g -O2 -pthread -I /home/marco/Programme/JavaSDK/jdk/include -I /home/marco/Programme/JavaSDK/jdk/include/linux conftest.c >&5
configure:11371: $? = 0
configure:11386: gcc -shared conftest.o  -v -Wl,-soname -Wl,conftest -o conftest 2\>\&1 \| /bin/grep  -lc  \>/dev/null 2\>\&1
configure:11389: $? = 0
configure:11401: result: no
configure:11565: checking dynamic linker characteristics
configure:11998: gcc -o conftest -g -O2 -g -O2 -pthread -I /home/marco/Programme/JavaSDK/jdk/include -I /home/marco/Programme/JavaSDK/jdk/include/linux    -Wl,-rpath -Wl,/foo conftest.c   >&5
configure:11998: $? = 0
configure:12219: result: GNU/Linux ld.so
configure:12321: checking how to hardcode library paths into programs
configure:12346: result: immediate
configure:12866: checking whether stripping libraries is possible
configure:12871: result: yes
configure:12906: checking if libtool supports shared libraries
configure:12908: result: yes
configure:12911: checking whether to build shared libraries
configure:12932: result: yes
configure:12935: checking whether to build static libraries
configure:12939: result: yes
configure:13089: checking for ld used by g++
configure:13156: result: /usr/bin/ld
configure:13163: checking if the linker (/usr/bin/ld) is GNU ld
configure:13178: result: yes
configure:13233: checking whether the g++ linker (/usr/bin/ld) supports shared libraries
configure:14146: result: yes
configure:14174: g++ -c  -O2 -ffast-math -O3 -g -O2 -pthread -I /home/marco/Programme/JavaSDK/jdk/include -I /home/marco/Programme/JavaSDK/jdk/include/linux conftest.cpp >&5
configure:14177: $? = 0
configure:14359: checking for g++ option to produce PIC
configure:14676: result: -fPIC -DPIC
configure:14685: checking if g++ PIC flag -fPIC -DPIC works
configure:14703: g++ -c  -O2 -ffast-math -O3 -g -O2 -pthread -I /home/marco/Programme/JavaSDK/jdk/include -I /home/marco/Programme/JavaSDK/jdk/include/linux -fPIC -DPIC -DPIC conftest.cpp >&5
configure:14707: $? = 0
configure:14720: result: yes
configure:14741: checking if g++ static flag -static works
configure:14769: result: yes
configure:14781: checking if g++ supports -c -o file.o
configure:14802: g++ -c  -O2 -ffast-math -O3 -g -O2 -pthread -I /home/marco/Programme/JavaSDK/jdk/include -I /home/marco/Programme/JavaSDK/jdk/include/linux -o out/conftest2.o conftest.cpp >&5
configure:14806: $? = 0
configure:14828: result: yes
configure:14833: checking if g++ supports -c -o file.o
configure:14880: result: yes
configure:14910: checking whether the g++ linker (/usr/bin/ld) supports shared libraries
configure:14936: result: yes
configure:15073: checking dynamic linker characteristics
configure:15454: g++ -o conftest  -O2 -ffast-math -O3 -g -O2 -pthread -I /home/marco/Programme/JavaSDK/jdk/include -I /home/marco/Programme/JavaSDK/jdk/include/linux    -Wl,-rpath -Wl,/foo conftest.cpp   >&5
configure:15454: $? = 0
configure:15675: result: GNU/Linux ld.so
configure:15726: checking how to hardcode library paths into programs
configure:15751: result: immediate
configure:15872: checking if gcj supports -fno-rtti -fno-exceptions
configure:15907: result: no
configure:15924: checking for gcj option to produce PIC
configure:16196: result: -fPIC
configure:16205: checking if gcj PIC flag -fPIC works
configure:16223: g++ -c  -O2 -ffast-math -O3 -g -O2 -pthread -I /home/marco/Programme/JavaSDK/jdk/include -I /home/marco/Programme/JavaSDK/jdk/include/linux -fPIC conftest.java >&5
g++: error trying to exec 'ecj1': execvp: No such file or directory
configure:16227: $? = 1
configure:16240: result: no
configure:16261: checking if gcj static flag -static works
configure:16289: result: no
configure:16301: checking if gcj supports -c -o file.o
configure:16322: g++ -c  -O2 -ffast-math -O3 -g -O2 -pthread -I /home/marco/Programme/JavaSDK/jdk/include -I /home/marco/Programme/JavaSDK/jdk/include/linux -o out/conftest2.o conftest.java >&5
g++: error trying to exec 'ecj1': execvp: No such file or directory
configure:16326: $? = 1
configure:16348: result: no
configure:16353: checking if gcj supports -c -o file.o
configure:16400: result: no
configure:16430: checking whether the gcj linker (/usr/bin/ld) supports shared libraries
configure:17416: result: yes
configure:17553: checking how to hardcode library paths into programs
configure:17578: result: immediate
configure:17655: checking CImg.h usability
configure:17655: g++ -c  -O2 -ffast-math -O3 -g -O2 -pthread -I /home/marco/Programme/JavaSDK/jdk/include -I /home/marco/Programme/JavaSDK/jdk/include/linux -I/usr/local/include conftest.cpp >&5
configure:17655: $? = 0
configure:17655: result: yes
configure:17655: checking CImg.h presence
configure:17655: g++ -E -g -O2 -pthread -I /home/marco/Programme/JavaSDK/jdk/include -I /home/marco/Programme/JavaSDK/jdk/include/linux -I/usr/local/include conftest.cpp
configure:17655: $? = 0
configure:17655: result: yes
configure:17655: checking for CImg.h
configure:17655: result: yes
configure:17707: checking whether FFmpeg is present
configure:17709: checking for avcodec_alloc_frame in -lavcodec
configure:17734: g++ -o conftest  -O2 -ffast-math -O3 -g -O2 -pthread -I /home/marco/Programme/JavaSDK/jdk/include -I /home/marco/Programme/JavaSDK/jdk/include/linux -I/usr/local/include    -L/usr/local/lib conftest.cpp -lavcodec    >&5
configure:17734: $? = 0
configure:17743: result: yes
configure:17760: checking for av_log_set_level in -lavutil
configure:17785: g++ -o conftest  -O2 -ffast-math -O3 -g -O2 -pthread -I /home/marco/Programme/JavaSDK/jdk/include -I /home/marco/Programme/JavaSDK/jdk/include/linux -I/usr/local/include    -L/usr/local/lib conftest.cpp -lavutil  -lavcodec   >&5
configure:17785: $? = 0
configure:17794: result: yes
configure:17811: checking for av_read_frame in -lavformat
configure:17836: g++ -o conftest  -O2 -ffast-math -O3 -g -O2 -pthread -I /home/marco/Programme/JavaSDK/jdk/include -I /home/marco/Programme/JavaSDK/jdk/include/linux -I/usr/local/include    -L/usr/local/lib conftest.cpp -lavformat  -lavutil -lavcodec   >&5
configure:17836: $? = 0
configure:17845: result: yes
configure:17862: checking for sws_getContext in -lswscale
configure:17887: g++ -o conftest  -O2 -ffast-math -O3 -g -O2 -pthread -I /home/marco/Programme/JavaSDK/jdk/include -I /home/marco/Programme/JavaSDK/jdk/include/linux -I/usr/local/include    -L/usr/local/lib conftest.cpp -lswscale  -lavformat -lavutil -lavcodec   >&5
configure:17887: $? = 0
configure:17896: result: yes
configure:17969: checking whether sndfile lib is present
configure:17971: checking for sf_readf_float in -lsndfile
configure:17996: g++ -o conftest  -O2 -ffast-math -O3 -g -O2 -pthread -I /home/marco/Programme/JavaSDK/jdk/include -I /home/marco/Programme/JavaSDK/jdk/include/linux -I/usr/local/include    -L/usr/local/lib conftest.cpp -lsndfile  -lswscale -lavformat -lavutil -lavcodec   >&5
configure:17996: $? = 0
configure:18005: result: yes
configure:18026: checking whether samplerate lib is present
configure:18028: checking for src_process in -lsamplerate
configure:18053: g++ -o conftest  -O2 -ffast-math -O3 -g -O2 -pthread -I /home/marco/Programme/JavaSDK/jdk/include -I /home/marco/Programme/JavaSDK/jdk/include/linux -I/usr/local/include    -L/usr/local/lib conftest.cpp -lsamplerate  -lsndfile -lswscale -lavformat -lavutil -lavcodec   >&5
configure:18053: $? = 0
configure:18062: result: yes
configure:18082: checking whether libmpg123 is present
configure:18084: checking for mpg123_init in -lmpg123
configure:18109: g++ -o conftest  -O2 -ffast-math -O3 -g -O2 -pthread -I /home/marco/Programme/JavaSDK/jdk/include -I /home/marco/Programme/JavaSDK/jdk/include/linux -I/usr/local/include    -L/usr/local/lib conftest.cpp -lmpg123  -lsamplerate -lsndfile -lswscale -lavformat -lavutil -lavcodec   >&5
configure:18109: $? = 0
configure:18118: result: yes
configure:18165: checking for jpeg_read_header in -ljpeg
configure:18190: g++ -o conftest  -O2 -ffast-math -O3 -g -O2 -pthread -I /home/marco/Programme/JavaSDK/jdk/include -I /home/marco/Programme/JavaSDK/jdk/include/linux -I/usr/local/include -I/usr/include/ffmpeg    -L/usr/local/lib conftest.cpp -ljpeg  -lmpg123 -lsamplerate -lsndfile -lswscale -lavformat -lavutil -lavcodec   >&5
configure:18190: $? = 0
configure:18199: result: yes
configure:18205: checking for sqrt in -lm
configure:18230: g++ -o conftest  -O2 -ffast-math -O3 -g -O2 -pthread -I /home/marco/Programme/JavaSDK/jdk/include -I /home/marco/Programme/JavaSDK/jdk/include/linux -I/usr/local/include -I/usr/include/ffmpeg    -L/usr/local/lib conftest.cpp -lm  -lmpg123 -lsamplerate -lsndfile -lswscale -lavformat -lavutil -lavcodec   >&5
configure:18230: $? = 0
configure:18239: result: yes
configure:18250: checking for png_create_read_struct in -lpng
configure:18275: g++ -o conftest  -O2 -ffast-math -O3 -g -O2 -pthread -I /home/marco/Programme/JavaSDK/jdk/include -I /home/marco/Programme/JavaSDK/jdk/include/linux -I/usr/local/include -I/usr/include/ffmpeg    -L/usr/local/lib conftest.cpp -lpng  -lm -lmpg123 -lsamplerate -lsndfile -lswscale -lavformat -lavutil -lavcodec   >&5
configure:18275: $? = 0
configure:18284: result: yes
configure:18314: checking limits.h usability
configure:18314: g++ -c  -O2 -ffast-math -O3 -g -O2 -pthread -I /home/marco/Programme/JavaSDK/jdk/include -I /home/marco/Programme/JavaSDK/jdk/include/linux -I/usr/local/include -I/usr/include/ffmpeg -Dcimg_use_jpeg -Dcimg_use_png conftest.cpp >&5
configure:18314: $? = 0
configure:18314: result: yes
configure:18314: checking limits.h presence
configure:18314: g++ -E -g -O2 -pthread -I /home/marco/Programme/JavaSDK/jdk/include -I /home/marco/Programme/JavaSDK/jdk/include/linux -I/usr/local/include -I/usr/include/ffmpeg -Dcimg_use_jpeg -Dcimg_use_png conftest.cpp
configure:18314: $? = 0
configure:18314: result: yes
configure:18314: checking for limits.h
configure:18314: result: yes
configure:18314: checking for stdlib.h
configure:18314: result: yes
configure:18314: checking for string.h
configure:18314: result: yes
configure:18314: checking sys/time.h usability
configure:18314: g++ -c  -O2 -ffast-math -O3 -g -O2 -pthread -I /home/marco/Programme/JavaSDK/jdk/include -I /home/marco/Programme/JavaSDK/jdk/include/linux -I/usr/local/include -I/usr/include/ffmpeg -Dcimg_use_jpeg -Dcimg_use_png conftest.cpp >&5
configure:18314: $? = 0
configure:18314: result: yes
configure:18314: checking sys/time.h presence
configure:18314: g++ -E -g -O2 -pthread -I /home/marco/Programme/JavaSDK/jdk/include -I /home/marco/Programme/JavaSDK/jdk/include/linux -I/usr/local/include -I/usr/include/ffmpeg -Dcimg_use_jpeg -Dcimg_use_png conftest.cpp
configure:18314: $? = 0
configure:18314: result: yes
configure:18314: checking for sys/time.h
configure:18314: result: yes
configure:18314: checking for unistd.h
configure:18314: result: yes
configure:18327: checking for stdbool.h that conforms to C99
configure:18412: g++ -c  -O2 -ffast-math -O3 -g -O2 -pthread -I /home/marco/Programme/JavaSDK/jdk/include -I /home/marco/Programme/JavaSDK/jdk/include/linux -I/usr/local/include -I/usr/include/ffmpeg -Dcimg_use_jpeg -Dcimg_use_png conftest.cpp >&5
configure:18412: $? = 0
configure:18419: result: yes
configure:18421: checking for _Bool
configure:18421: g++ -c  -O2 -ffast-math -O3 -g -O2 -pthread -I /home/marco/Programme/JavaSDK/jdk/include -I /home/marco/Programme/JavaSDK/jdk/include/linux -I/usr/local/include -I/usr/include/ffmpeg -Dcimg_use_jpeg -Dcimg_use_png conftest.cpp >&5
conftest.cpp: In function 'int main()':
conftest.cpp:76: error: '_Bool' was not declared in this scope
configure:18421: $? = 1
configure: failed program was:
| /* confdefs.h */
| #define PACKAGE_NAME "pHash"
| #define PACKAGE_TARNAME "phash"
| #define PACKAGE_VERSION "0.9.3"
| #define PACKAGE_STRING "pHash 0.9.3"
| #define PACKAGE_BUGREPORT "support@phash.org"
| #define PACKAGE_URL ""
| #define PACKAGE "pHash"
| #define VERSION "0.9.3"
| #define HAVE_PTHREAD 1
| #define STDC_HEADERS 1
| #define HAVE_SYS_TYPES_H 1
| #define HAVE_SYS_STAT_H 1
| #define HAVE_STDLIB_H 1
| #define HAVE_STRING_H 1
| #define HAVE_MEMORY_H 1
| #define HAVE_STRINGS_H 1
| #define HAVE_INTTYPES_H 1
| #define HAVE_STDINT_H 1
| #define HAVE_UNISTD_H 1
| #define HAVE_DLFCN_H 1
| #define LT_OBJDIR ".libs/"
| #define HAVE_IMAGE_HASH 1
| #define HAVE_LIBAVCODEC 1
| #define HAVE_LIBAVUTIL 1
| #define HAVE_LIBAVFORMAT 1
| #define HAVE_LIBSWSCALE 1
| #define HAVE_VIDEO_HASH 1
| #define HAVE_LIBSNDFILE 1
| #define HAVE_LIBSAMPLERATE 1
| #define HAVE_LIBMPG123 1
| #define HAVE_AUDIO_HASH 1
| #define HAVE_LIBM 1
| #define HAVE_LIMITS_H 1
| #define HAVE_STDLIB_H 1
| #define HAVE_STRING_H 1
| #define HAVE_SYS_TIME_H 1
| #define HAVE_UNISTD_H 1
| /* end confdefs.h.  */
| #include <stdio.h>
| #ifdef HAVE_SYS_TYPES_H
| # include <sys/types.h>
| #endif
| #ifdef HAVE_SYS_STAT_H
| # include <sys/stat.h>
| #endif
| #ifdef STDC_HEADERS
| # include <stdlib.h>
| # include <stddef.h>
| #else
| # ifdef HAVE_STDLIB_H
| #  include <stdlib.h>
| # endif
| #endif
| #ifdef HAVE_STRING_H
| # if !defined STDC_HEADERS && defined HAVE_MEMORY_H
| #  include <memory.h>
| # endif
| # include <string.h>
| #endif
| #ifdef HAVE_STRINGS_H
| # include <strings.h>
| #endif
| #ifdef HAVE_INTTYPES_H
| # include <inttypes.h>
| #endif
| #ifdef HAVE_STDINT_H
| # include <stdint.h>
| #endif
| #ifdef HAVE_UNISTD_H
| # include <unistd.h>
| #endif
| int
| main ()
| {
| if (sizeof (_Bool))
| 	 return 0;
|   ;
|   return 0;
| }
configure:18421: result: no
configure:18437: checking for inline
configure:18453: g++ -c  -O2 -ffast-math -O3 -g -O2 -pthread -I /home/marco/Programme/JavaSDK/jdk/include -I /home/marco/Programme/JavaSDK/jdk/include/linux -I/usr/local/include -I/usr/include/ffmpeg -Dcimg_use_jpeg -Dcimg_use_png conftest.cpp >&5
configure:18453: $? = 0
configure:18461: result: inline
configure:18479: checking for int16_t
configure:18479: g++ -c  -O2 -ffast-math -O3 -g -O2 -pthread -I /home/marco/Programme/JavaSDK/jdk/include -I /home/marco/Programme/JavaSDK/jdk/include/linux -I/usr/local/include -I/usr/include/ffmpeg -Dcimg_use_jpeg -Dcimg_use_png conftest.cpp >&5
conftest.cpp: In function 'int main()':
conftest.cpp:77: error: types may not be defined in casts
conftest.cpp:77: error: expected primary-expression before 'enum'
conftest.cpp:77: error: expected ')' before 'enum'
conftest.cpp:77: error: expected ']' before ';' token
conftest.cpp:78: error: expected ';' before ')' token
conftest.cpp:79: error: 'test_array' was not declared in this scope
configure:18479: $? = 1
configure: failed program was:
| /* confdefs.h */
| #define PACKAGE_NAME "pHash"
| #define PACKAGE_TARNAME "phash"
| #define PACKAGE_VERSION "0.9.3"
| #define PACKAGE_STRING "pHash 0.9.3"
| #define PACKAGE_BUGREPORT "support@phash.org"
| #define PACKAGE_URL ""
| #define PACKAGE "pHash"
| #define VERSION "0.9.3"
| #define HAVE_PTHREAD 1
| #define STDC_HEADERS 1
| #define HAVE_SYS_TYPES_H 1
| #define HAVE_SYS_STAT_H 1
| #define HAVE_STDLIB_H 1
| #define HAVE_STRING_H 1
| #define HAVE_MEMORY_H 1
| #define HAVE_STRINGS_H 1
| #define HAVE_INTTYPES_H 1
| #define HAVE_STDINT_H 1
| #define HAVE_UNISTD_H 1
| #define HAVE_DLFCN_H 1
| #define LT_OBJDIR ".libs/"
| #define HAVE_IMAGE_HASH 1
| #define HAVE_LIBAVCODEC 1
| #define HAVE_LIBAVUTIL 1
| #define HAVE_LIBAVFORMAT 1
| #define HAVE_LIBSWSCALE 1
| #define HAVE_VIDEO_HASH 1
| #define HAVE_LIBSNDFILE 1
| #define HAVE_LIBSAMPLERATE 1
| #define HAVE_LIBMPG123 1
| #define HAVE_AUDIO_HASH 1
| #define HAVE_LIBM 1
| #define HAVE_LIMITS_H 1
| #define HAVE_STDLIB_H 1
| #define HAVE_STRING_H 1
| #define HAVE_SYS_TIME_H 1
| #define HAVE_UNISTD_H 1
| #define HAVE_STDBOOL_H 1
| /* end confdefs.h.  */
| #include <stdio.h>
| #ifdef HAVE_SYS_TYPES_H
| # include <sys/types.h>
| #endif
| #ifdef HAVE_SYS_STAT_H
| # include <sys/stat.h>
| #endif
| #ifdef STDC_HEADERS
| # include <stdlib.h>
| # include <stddef.h>
| #else
| # ifdef HAVE_STDLIB_H
| #  include <stdlib.h>
| # endif
| #endif
| #ifdef HAVE_STRING_H
| # if !defined STDC_HEADERS && defined HAVE_MEMORY_H
| #  include <memory.h>
| # endif
| # include <string.h>
| #endif
| #ifdef HAVE_STRINGS_H
| # include <strings.h>
| #endif
| #ifdef HAVE_INTTYPES_H
| # include <inttypes.h>
| #endif
| #ifdef HAVE_STDINT_H
| # include <stdint.h>
| #endif
| #ifdef HAVE_UNISTD_H
| # include <unistd.h>
| #endif
| int
| main ()
| {
| static int test_array [1 - 2 * !(enum { N = 16 / 2 - 1 };
| 	     0 < (int16_t) (((((int16_t) 1 << N) << N) - 1) * 2 + 1))];
| test_array [0] = 0
| 
|   ;
|   return 0;
| }
configure:18479: g++ -c  -O2 -ffast-math -O3 -g -O2 -pthread -I /home/marco/Programme/JavaSDK/jdk/include -I /home/marco/Programme/JavaSDK/jdk/include/linux -I/usr/local/include -I/usr/include/ffmpeg -Dcimg_use_jpeg -Dcimg_use_png conftest.cpp >&5
conftest.cpp: In function 'int main()':
conftest.cpp:77: error: types may not be defined in casts
conftest.cpp:77: error: expected primary-expression before 'enum'
conftest.cpp:77: error: expected ')' before 'enum'
conftest.cpp:77: error: expected ']' before ';' token
conftest.cpp:78: error: expected ';' before ')' token
conftest.cpp:79: error: 'test_array' was not declared in this scope
configure:18479: $? = 1
configure: failed program was:
| /* confdefs.h */
| #define PACKAGE_NAME "pHash"
| #define PACKAGE_TARNAME "phash"
| #define PACKAGE_VERSION "0.9.3"
| #define PACKAGE_STRING "pHash 0.9.3"
| #define PACKAGE_BUGREPORT "support@phash.org"
| #define PACKAGE_URL ""
| #define PACKAGE "pHash"
| #define VERSION "0.9.3"
| #define HAVE_PTHREAD 1
| #define STDC_HEADERS 1
| #define HAVE_SYS_TYPES_H 1
| #define HAVE_SYS_STAT_H 1
| #define HAVE_STDLIB_H 1
| #define HAVE_STRING_H 1
| #define HAVE_MEMORY_H 1
| #define HAVE_STRINGS_H 1
| #define HAVE_INTTYPES_H 1
| #define HAVE_STDINT_H 1
| #define HAVE_UNISTD_H 1
| #define HAVE_DLFCN_H 1
| #define LT_OBJDIR ".libs/"
| #define HAVE_IMAGE_HASH 1
| #define HAVE_LIBAVCODEC 1
| #define HAVE_LIBAVUTIL 1
| #define HAVE_LIBAVFORMAT 1
| #define HAVE_LIBSWSCALE 1
| #define HAVE_VIDEO_HASH 1
| #define HAVE_LIBSNDFILE 1
| #define HAVE_LIBSAMPLERATE 1
| #define HAVE_LIBMPG123 1
| #define HAVE_AUDIO_HASH 1
| #define HAVE_LIBM 1
| #define HAVE_LIMITS_H 1
| #define HAVE_STDLIB_H 1
| #define HAVE_STRING_H 1
| #define HAVE_SYS_TIME_H 1
| #define HAVE_UNISTD_H 1
| #define HAVE_STDBOOL_H 1
| /* end confdefs.h.  */
| #include <stdio.h>
| #ifdef HAVE_SYS_TYPES_H
| # include <sys/types.h>
| #endif
| #ifdef HAVE_SYS_STAT_H
| # include <sys/stat.h>
| #endif
| #ifdef STDC_HEADERS
| # include <stdlib.h>
| # include <stddef.h>
| #else
| # ifdef HAVE_STDLIB_H
| #  include <stdlib.h>
| # endif
| #endif
| #ifdef HAVE_STRING_H
| # if !defined STDC_HEADERS && defined HAVE_MEMORY_H
| #  include <memory.h>
| # endif
| # include <string.h>
| #endif
| #ifdef HAVE_STRINGS_H
| # include <strings.h>
| #endif
| #ifdef HAVE_INTTYPES_H
| # include <inttypes.h>
| #endif
| #ifdef HAVE_STDINT_H
| # include <stdint.h>
| #endif
| #ifdef HAVE_UNISTD_H
| # include <unistd.h>
| #endif
| int
| main ()
| {
| static int test_array [1 - 2 * !(enum { N = 16 / 2 - 1 };
| 	     0 < (int) (((((int) 1 << N) << N) - 1) * 2 + 1))];
| test_array [0] = 0
| 
|   ;
|   return 0;
| }
configure:18479: g++ -c  -O2 -ffast-math -O3 -g -O2 -pthread -I /home/marco/Programme/JavaSDK/jdk/include -I /home/marco/Programme/JavaSDK/jdk/include/linux -I/usr/local/include -I/usr/include/ffmpeg -Dcimg_use_jpeg -Dcimg_use_png conftest.cpp >&5
conftest.cpp: In function 'int main()':
conftest.cpp:77: error: types may not be defined in casts
conftest.cpp:77: error: expected primary-expression before 'enum'
conftest.cpp:77: error: expected ')' before 'enum'
conftest.cpp:77: error: expected ']' before ';' token
conftest.cpp:78: error: expected ';' before ')' token
conftest.cpp:79: error: 'test_array' was not declared in this scope
configure:18479: $? = 1
configure: failed program was:
| /* confdefs.h */
| #define PACKAGE_NAME "pHash"
| #define PACKAGE_TARNAME "phash"
| #define PACKAGE_VERSION "0.9.3"
| #define PACKAGE_STRING "pHash 0.9.3"
| #define PACKAGE_BUGREPORT "support@phash.org"
| #define PACKAGE_URL ""
| #define PACKAGE "pHash"
| #define VERSION "0.9.3"
| #define HAVE_PTHREAD 1
| #define STDC_HEADERS 1
| #define HAVE_SYS_TYPES_H 1
| #define HAVE_SYS_STAT_H 1
| #define HAVE_STDLIB_H 1
| #define HAVE_STRING_H 1
| #define HAVE_MEMORY_H 1
| #define HAVE_STRINGS_H 1
| #define HAVE_INTTYPES_H 1
| #define HAVE_STDINT_H 1
| #define HAVE_UNISTD_H 1
| #define HAVE_DLFCN_H 1
| #define LT_OBJDIR ".libs/"
| #define HAVE_IMAGE_HASH 1
| #define HAVE_LIBAVCODEC 1
| #define HAVE_LIBAVUTIL 1
| #define HAVE_LIBAVFORMAT 1
| #define HAVE_LIBSWSCALE 1
| #define HAVE_VIDEO_HASH 1
| #define HAVE_LIBSNDFILE 1
| #define HAVE_LIBSAMPLERATE 1
| #define HAVE_LIBMPG123 1
| #define HAVE_AUDIO_HASH 1
| #define HAVE_LIBM 1
| #define HAVE_LIMITS_H 1
| #define HAVE_STDLIB_H 1
| #define HAVE_STRING_H 1
| #define HAVE_SYS_TIME_H 1
| #define HAVE_UNISTD_H 1
| #define HAVE_STDBOOL_H 1
| /* end confdefs.h.  */
| #include <stdio.h>
| #ifdef HAVE_SYS_TYPES_H
| # include <sys/types.h>
| #endif
| #ifdef HAVE_SYS_STAT_H
| # include <sys/stat.h>
| #endif
| #ifdef STDC_HEADERS
| # include <stdlib.h>
| # include <stddef.h>
| #else
| # ifdef HAVE_STDLIB_H
| #  include <stdlib.h>
| # endif
| #endif
| #ifdef HAVE_STRING_H
| # if !defined STDC_HEADERS && defined HAVE_MEMORY_H
| #  include <memory.h>
| # endif
| # include <string.h>
| #endif
| #ifdef HAVE_STRINGS_H
| # include <strings.h>
| #endif
| #ifdef HAVE_INTTYPES_H
| # include <inttypes.h>
| #endif
| #ifdef HAVE_STDINT_H
| # include <stdint.h>
| #endif
| #ifdef HAVE_UNISTD_H
| # include <unistd.h>
| #endif
| int
| main ()
| {
| static int test_array [1 - 2 * !(enum { N = 16 / 2 - 1 };
| 	     0 < (long int) (((((long int) 1 << N) << N) - 1) * 2 + 1))];
| test_array [0] = 0
| 
|   ;
|   return 0;
| }
configure:18479: g++ -c  -O2 -ffast-math -O3 -g -O2 -pthread -I /home/marco/Programme/JavaSDK/jdk/include -I /home/marco/Programme/JavaSDK/jdk/include/linux -I/usr/local/include -I/usr/include/ffmpeg -Dcimg_use_jpeg -Dcimg_use_png conftest.cpp >&5
conftest.cpp: In function 'int main()':
conftest.cpp:77: error: types may not be defined in casts
conftest.cpp:77: error: expected primary-expression before 'enum'
conftest.cpp:77: error: expected ')' before 'enum'
conftest.cpp:77: error: expected ']' before ';' token
conftest.cpp:78: error: expected ';' before ')' token
conftest.cpp:79: error: 'test_array' was not declared in this scope
configure:18479: $? = 1
configure: failed program was:
| /* confdefs.h */
| #define PACKAGE_NAME "pHash"
| #define PACKAGE_TARNAME "phash"
| #define PACKAGE_VERSION "0.9.3"
| #define PACKAGE_STRING "pHash 0.9.3"
| #define PACKAGE_BUGREPORT "support@phash.org"
| #define PACKAGE_URL ""
| #define PACKAGE "pHash"
| #define VERSION "0.9.3"
| #define HAVE_PTHREAD 1
| #define STDC_HEADERS 1
| #define HAVE_SYS_TYPES_H 1
| #define HAVE_SYS_STAT_H 1
| #define HAVE_STDLIB_H 1
| #define HAVE_STRING_H 1
| #define HAVE_MEMORY_H 1
| #define HAVE_STRINGS_H 1
| #define HAVE_INTTYPES_H 1
| #define HAVE_STDINT_H 1
| #define HAVE_UNISTD_H 1
| #define HAVE_DLFCN_H 1
| #define LT_OBJDIR ".libs/"
| #define HAVE_IMAGE_HASH 1
| #define HAVE_LIBAVCODEC 1
| #define HAVE_LIBAVUTIL 1
| #define HAVE_LIBAVFORMAT 1
| #define HAVE_LIBSWSCALE 1
| #define HAVE_VIDEO_HASH 1
| #define HAVE_LIBSNDFILE 1
| #define HAVE_LIBSAMPLERATE 1
| #define HAVE_LIBMPG123 1
| #define HAVE_AUDIO_HASH 1
| #define HAVE_LIBM 1
| #define HAVE_LIMITS_H 1
| #define HAVE_STDLIB_H 1
| #define HAVE_STRING_H 1
| #define HAVE_SYS_TIME_H 1
| #define HAVE_UNISTD_H 1
| #define HAVE_STDBOOL_H 1
| /* end confdefs.h.  */
| #include <stdio.h>
| #ifdef HAVE_SYS_TYPES_H
| # include <sys/types.h>
| #endif
| #ifdef HAVE_SYS_STAT_H
| # include <sys/stat.h>
| #endif
| #ifdef STDC_HEADERS
| # include <stdlib.h>
| # include <stddef.h>
| #else
| # ifdef HAVE_STDLIB_H
| #  include <stdlib.h>
| # endif
| #endif
| #ifdef HAVE_STRING_H
| # if !defined STDC_HEADERS && defined HAVE_MEMORY_H
| #  include <memory.h>
| # endif
| # include <string.h>
| #endif
| #ifdef HAVE_STRINGS_H
| # include <strings.h>
| #endif
| #ifdef HAVE_INTTYPES_H
| # include <inttypes.h>
| #endif
| #ifdef HAVE_STDINT_H
| # include <stdint.h>
| #endif
| #ifdef HAVE_UNISTD_H
| # include <unistd.h>
| #endif
| int
| main ()
| {
| static int test_array [1 - 2 * !(enum { N = 16 / 2 - 1 };
| 	     0 < (long long int) (((((long long int) 1 << N) << N) - 1) * 2 + 1))];
| test_array [0] = 0
| 
|   ;
|   return 0;
| }
configure:18479: g++ -c  -O2 -ffast-math -O3 -g -O2 -pthread -I /home/marco/Programme/JavaSDK/jdk/include -I /home/marco/Programme/JavaSDK/jdk/include/linux -I/usr/local/include -I/usr/include/ffmpeg -Dcimg_use_jpeg -Dcimg_use_png conftest.cpp >&5
conftest.cpp: In function 'int main()':
conftest.cpp:77: error: types may not be defined in casts
conftest.cpp:77: error: expected primary-expression before 'enum'
conftest.cpp:77: error: expected ')' before 'enum'
conftest.cpp:77: error: expected ']' before ';' token
conftest.cpp:78: error: expected ';' before ')' token
conftest.cpp:79: error: 'test_array' was not declared in this scope
configure:18479: $? = 1
configure: failed program was:
| /* confdefs.h */
| #define PACKAGE_NAME "pHash"
| #define PACKAGE_TARNAME "phash"
| #define PACKAGE_VERSION "0.9.3"
| #define PACKAGE_STRING "pHash 0.9.3"
| #define PACKAGE_BUGREPORT "support@phash.org"
| #define PACKAGE_URL ""
| #define PACKAGE "pHash"
| #define VERSION "0.9.3"
| #define HAVE_PTHREAD 1
| #define STDC_HEADERS 1
| #define HAVE_SYS_TYPES_H 1
| #define HAVE_SYS_STAT_H 1
| #define HAVE_STDLIB_H 1
| #define HAVE_STRING_H 1
| #define HAVE_MEMORY_H 1
| #define HAVE_STRINGS_H 1
| #define HAVE_INTTYPES_H 1
| #define HAVE_STDINT_H 1
| #define HAVE_UNISTD_H 1
| #define HAVE_DLFCN_H 1
| #define LT_OBJDIR ".libs/"
| #define HAVE_IMAGE_HASH 1
| #define HAVE_LIBAVCODEC 1
| #define HAVE_LIBAVUTIL 1
| #define HAVE_LIBAVFORMAT 1
| #define HAVE_LIBSWSCALE 1
| #define HAVE_VIDEO_HASH 1
| #define HAVE_LIBSNDFILE 1
| #define HAVE_LIBSAMPLERATE 1
| #define HAVE_LIBMPG123 1
| #define HAVE_AUDIO_HASH 1
| #define HAVE_LIBM 1
| #define HAVE_LIMITS_H 1
| #define HAVE_STDLIB_H 1
| #define HAVE_STRING_H 1
| #define HAVE_SYS_TIME_H 1
| #define HAVE_UNISTD_H 1
| #define HAVE_STDBOOL_H 1
| /* end confdefs.h.  */
| #include <stdio.h>
| #ifdef HAVE_SYS_TYPES_H
| # include <sys/types.h>
| #endif
| #ifdef HAVE_SYS_STAT_H
| # include <sys/stat.h>
| #endif
| #ifdef STDC_HEADERS
| # include <stdlib.h>
| # include <stddef.h>
| #else
| # ifdef HAVE_STDLIB_H
| #  include <stdlib.h>
| # endif
| #endif
| #ifdef HAVE_STRING_H
| # if !defined STDC_HEADERS && defined HAVE_MEMORY_H
| #  include <memory.h>
| # endif
| # include <string.h>
| #endif
| #ifdef HAVE_STRINGS_H
| # include <strings.h>
| #endif
| #ifdef HAVE_INTTYPES_H
| # include <inttypes.h>
| #endif
| #ifdef HAVE_STDINT_H
| # include <stdint.h>
| #endif
| #ifdef HAVE_UNISTD_H
| # include <unistd.h>
| #endif
| int
| main ()
| {
| static int test_array [1 - 2 * !(enum { N = 16 / 2 - 1 };
| 	     0 < (short int) (((((short int) 1 << N) << N) - 1) * 2 + 1))];
| test_array [0] = 0
| 
|   ;
|   return 0;
| }
configure:18479: g++ -c  -O2 -ffast-math -O3 -g -O2 -pthread -I /home/marco/Programme/JavaSDK/jdk/include -I /home/marco/Programme/JavaSDK/jdk/include/linux -I/usr/local/include -I/usr/include/ffmpeg -Dcimg_use_jpeg -Dcimg_use_png conftest.cpp >&5
conftest.cpp: In function 'int main()':
conftest.cpp:77: error: types may not be defined in casts
conftest.cpp:77: error: expected primary-expression before 'enum'
conftest.cpp:77: error: expected ')' before 'enum'
conftest.cpp:77: error: expected ']' before ';' token
conftest.cpp:78: error: expected ';' before ')' token
conftest.cpp:79: error: 'test_array' was not declared in this scope
configure:18479: $? = 1
configure: failed program was:
| /* confdefs.h */
| #define PACKAGE_NAME "pHash"
| #define PACKAGE_TARNAME "phash"
| #define PACKAGE_VERSION "0.9.3"
| #define PACKAGE_STRING "pHash 0.9.3"
| #define PACKAGE_BUGREPORT "support@phash.org"
| #define PACKAGE_URL ""
| #define PACKAGE "pHash"
| #define VERSION "0.9.3"
| #define HAVE_PTHREAD 1
| #define STDC_HEADERS 1
| #define HAVE_SYS_TYPES_H 1
| #define HAVE_SYS_STAT_H 1
| #define HAVE_STDLIB_H 1
| #define HAVE_STRING_H 1
| #define HAVE_MEMORY_H 1
| #define HAVE_STRINGS_H 1
| #define HAVE_INTTYPES_H 1
| #define HAVE_STDINT_H 1
| #define HAVE_UNISTD_H 1
| #define HAVE_DLFCN_H 1
| #define LT_OBJDIR ".libs/"
| #define HAVE_IMAGE_HASH 1
| #define HAVE_LIBAVCODEC 1
| #define HAVE_LIBAVUTIL 1
| #define HAVE_LIBAVFORMAT 1
| #define HAVE_LIBSWSCALE 1
| #define HAVE_VIDEO_HASH 1
| #define HAVE_LIBSNDFILE 1
| #define HAVE_LIBSAMPLERATE 1
| #define HAVE_LIBMPG123 1
| #define HAVE_AUDIO_HASH 1
| #define HAVE_LIBM 1
| #define HAVE_LIMITS_H 1
| #define HAVE_STDLIB_H 1
| #define HAVE_STRING_H 1
| #define HAVE_SYS_TIME_H 1
| #define HAVE_UNISTD_H 1
| #define HAVE_STDBOOL_H 1
| /* end confdefs.h.  */
| #include <stdio.h>
| #ifdef HAVE_SYS_TYPES_H
| # include <sys/types.h>
| #endif
| #ifdef HAVE_SYS_STAT_H
| # include <sys/stat.h>
| #endif
| #ifdef STDC_HEADERS
| # include <stdlib.h>
| # include <stddef.h>
| #else
| # ifdef HAVE_STDLIB_H
| #  include <stdlib.h>
| # endif
| #endif
| #ifdef HAVE_STRING_H
| # if !defined STDC_HEADERS && defined HAVE_MEMORY_H
| #  include <memory.h>
| # endif
| # include <string.h>
| #endif
| #ifdef HAVE_STRINGS_H
| # include <strings.h>
| #endif
| #ifdef HAVE_INTTYPES_H
| # include <inttypes.h>
| #endif
| #ifdef HAVE_STDINT_H
| # include <stdint.h>
| #endif
| #ifdef HAVE_UNISTD_H
| # include <unistd.h>
| #endif
| int
| main ()
| {
| static int test_array [1 - 2 * !(enum { N = 16 / 2 - 1 };
| 	     0 < (signed char) (((((signed char) 1 << N) << N) - 1) * 2 + 1))];
| test_array [0] = 0
| 
|   ;
|   return 0;
| }
configure:18479: result: no
configure:18490: checking for size_t
configure:18490: g++ -c  -O2 -ffast-math -O3 -g -O2 -pthread -I /home/marco/Programme/JavaSDK/jdk/include -I /home/marco/Programme/JavaSDK/jdk/include/linux -I/usr/local/include -I/usr/include/ffmpeg -Dcimg_use_jpeg -Dcimg_use_png conftest.cpp >&5
configure:18490: $? = 0
configure:18490: g++ -c  -O2 -ffast-math -O3 -g -O2 -pthread -I /home/marco/Programme/JavaSDK/jdk/include -I /home/marco/Programme/JavaSDK/jdk/include/linux -I/usr/local/include -I/usr/include/ffmpeg -Dcimg_use_jpeg -Dcimg_use_png conftest.cpp >&5
conftest.cpp: In function 'int main()':
conftest.cpp:77: error: expected primary-expression before ')' token
configure:18490: $? = 1
configure: failed program was:
| /* confdefs.h */
| #define PACKAGE_NAME "pHash"
| #define PACKAGE_TARNAME "phash"
| #define PACKAGE_VERSION "0.9.3"
| #define PACKAGE_STRING "pHash 0.9.3"
| #define PACKAGE_BUGREPORT "support@phash.org"
| #define PACKAGE_URL ""
| #define PACKAGE "pHash"
| #define VERSION "0.9.3"
| #define HAVE_PTHREAD 1
| #define STDC_HEADERS 1
| #define HAVE_SYS_TYPES_H 1
| #define HAVE_SYS_STAT_H 1
| #define HAVE_STDLIB_H 1
| #define HAVE_STRING_H 1
| #define HAVE_MEMORY_H 1
| #define HAVE_STRINGS_H 1
| #define HAVE_INTTYPES_H 1
| #define HAVE_STDINT_H 1
| #define HAVE_UNISTD_H 1
| #define HAVE_DLFCN_H 1
| #define LT_OBJDIR ".libs/"
| #define HAVE_IMAGE_HASH 1
| #define HAVE_LIBAVCODEC 1
| #define HAVE_LIBAVUTIL 1
| #define HAVE_LIBAVFORMAT 1
| #define HAVE_LIBSWSCALE 1
| #define HAVE_VIDEO_HASH 1
| #define HAVE_LIBSNDFILE 1
| #define HAVE_LIBSAMPLERATE 1
| #define HAVE_LIBMPG123 1
| #define HAVE_AUDIO_HASH 1
| #define HAVE_LIBM 1
| #define HAVE_LIMITS_H 1
| #define HAVE_STDLIB_H 1
| #define HAVE_STRING_H 1
| #define HAVE_SYS_TIME_H 1
| #define HAVE_UNISTD_H 1
| #define HAVE_STDBOOL_H 1
| /* end confdefs.h.  */
| #include <stdio.h>
| #ifdef HAVE_SYS_TYPES_H
| # include <sys/types.h>
| #endif
| #ifdef HAVE_SYS_STAT_H
| # include <sys/stat.h>
| #endif
| #ifdef STDC_HEADERS
| # include <stdlib.h>
| # include <stddef.h>
| #else
| # ifdef HAVE_STDLIB_H
| #  include <stdlib.h>
| # endif
| #endif
| #ifdef HAVE_STRING_H
| # if !defined STDC_HEADERS && defined HAVE_MEMORY_H
| #  include <memory.h>
| # endif
| # include <string.h>
| #endif
| #ifdef HAVE_STRINGS_H
| # include <strings.h>
| #endif
| #ifdef HAVE_INTTYPES_H
| # include <inttypes.h>
| #endif
| #ifdef HAVE_STDINT_H
| # include <stdint.h>
| #endif
| #ifdef HAVE_UNISTD_H
| # include <unistd.h>
| #endif
| int
| main ()
| {
| if (sizeof ((size_t)))
| 	    return 0;
|   ;
|   return 0;
| }
configure:18490: result: yes
configure:18501: checking for uint32_t
configure:18501: g++ -c  -O2 -ffast-math -O3 -g -O2 -pthread -I /home/marco/Programme/JavaSDK/jdk/include -I /home/marco/Programme/JavaSDK/jdk/include/linux -I/usr/local/include -I/usr/include/ffmpeg -Dcimg_use_jpeg -Dcimg_use_png conftest.cpp >&5
configure:18501: $? = 0
configure:18501: result: yes
configure:18515: checking for uint8_t
configure:18515: g++ -c  -O2 -ffast-math -O3 -g -O2 -pthread -I /home/marco/Programme/JavaSDK/jdk/include -I /home/marco/Programme/JavaSDK/jdk/include/linux -I/usr/local/include -I/usr/include/ffmpeg -Dcimg_use_jpeg -Dcimg_use_png conftest.cpp >&5
configure:18515: $? = 0
configure:18515: result: yes
configure:18529: checking for uint64_t
configure:18529: g++ -c  -O2 -ffast-math -O3 -g -O2 -pthread -I /home/marco/Programme/JavaSDK/jdk/include -I /home/marco/Programme/JavaSDK/jdk/include/linux -I/usr/local/include -I/usr/include/ffmpeg -Dcimg_use_jpeg -Dcimg_use_png conftest.cpp >&5
configure:18529: $? = 0
configure:18529: g++ -c  -O2 -ffast-math -O3 -g -O2 -pthread -I /home/marco/Programme/JavaSDK/jdk/include -I /home/marco/Programme/JavaSDK/jdk/include/linux -I/usr/local/include -I/usr/include/ffmpeg -Dcimg_use_jpeg -Dcimg_use_png conftest.cpp >&5
conftest.cpp: In function 'int main()':
conftest.cpp:77: error: expected primary-expression before ')' token
configure:18529: $? = 1
configure: failed program was:
| /* confdefs.h */
| #define PACKAGE_NAME "pHash"
| #define PACKAGE_TARNAME "phash"
| #define PACKAGE_VERSION "0.9.3"
| #define PACKAGE_STRING "pHash 0.9.3"
| #define PACKAGE_BUGREPORT "support@phash.org"
| #define PACKAGE_URL ""
| #define PACKAGE "pHash"
| #define VERSION "0.9.3"
| #define HAVE_PTHREAD 1
| #define STDC_HEADERS 1
| #define HAVE_SYS_TYPES_H 1
| #define HAVE_SYS_STAT_H 1
| #define HAVE_STDLIB_H 1
| #define HAVE_STRING_H 1
| #define HAVE_MEMORY_H 1
| #define HAVE_STRINGS_H 1
| #define HAVE_INTTYPES_H 1
| #define HAVE_STDINT_H 1
| #define HAVE_UNISTD_H 1
| #define HAVE_DLFCN_H 1
| #define LT_OBJDIR ".libs/"
| #define HAVE_IMAGE_HASH 1
| #define HAVE_LIBAVCODEC 1
| #define HAVE_LIBAVUTIL 1
| #define HAVE_LIBAVFORMAT 1
| #define HAVE_LIBSWSCALE 1
| #define HAVE_VIDEO_HASH 1
| #define HAVE_LIBSNDFILE 1
| #define HAVE_LIBSAMPLERATE 1
| #define HAVE_LIBMPG123 1
| #define HAVE_AUDIO_HASH 1
| #define HAVE_LIBM 1
| #define HAVE_LIMITS_H 1
| #define HAVE_STDLIB_H 1
| #define HAVE_STRING_H 1
| #define HAVE_SYS_TIME_H 1
| #define HAVE_UNISTD_H 1
| #define HAVE_STDBOOL_H 1
| /* end confdefs.h.  */
| #include <stdio.h>
| #ifdef HAVE_SYS_TYPES_H
| # include <sys/types.h>
| #endif
| #ifdef HAVE_SYS_STAT_H
| # include <sys/stat.h>
| #endif
| #ifdef STDC_HEADERS
| # include <stdlib.h>
| # include <stddef.h>
| #else
| # ifdef HAVE_STDLIB_H
| #  include <stdlib.h>
| # endif
| #endif
| #ifdef HAVE_STRING_H
| # if !defined STDC_HEADERS && defined HAVE_MEMORY_H
| #  include <memory.h>
| # endif
| # include <string.h>
| #endif
| #ifdef HAVE_STRINGS_H
| # include <strings.h>
| #endif
| #ifdef HAVE_INTTYPES_H
| # include <inttypes.h>
| #endif
| #ifdef HAVE_STDINT_H
| # include <stdint.h>
| #endif
| #ifdef HAVE_UNISTD_H
| # include <unistd.h>
| #endif
| int
| main ()
| {
| if (sizeof ((uint64_t)))
| 	    return 0;
|   ;
|   return 0;
| }
configure:18529: result: yes
configure:18541: checking for error_at_line
configure:18557: g++ -o conftest  -O2 -ffast-math -O3 -g -O2 -pthread -I /home/marco/Programme/JavaSDK/jdk/include -I /home/marco/Programme/JavaSDK/jdk/include/linux -I/usr/local/include -I/usr/include/ffmpeg -Dcimg_use_jpeg -Dcimg_use_png    -L/usr/local/lib -ljpeg -lpng conftest.cpp -lm -lmpg123 -lsamplerate -lsndfile -lswscale -lavformat -lavutil -lavcodec   >&5
configure:18557: $? = 0
configure:18565: result: yes
configure:18579: checking for mremap
configure:18579: g++ -o conftest  -O2 -ffast-math -O3 -g -O2 -pthread -I /home/marco/Programme/JavaSDK/jdk/include -I /home/marco/Programme/JavaSDK/jdk/include/linux -I/usr/local/include -I/usr/include/ffmpeg -Dcimg_use_jpeg -Dcimg_use_png    -L/usr/local/lib -ljpeg -lpng conftest.cpp -lm -lmpg123 -lsamplerate -lsndfile -lswscale -lavformat -lavutil -lavcodec   >&5
configure:18579: $? = 0
configure:18579: result: yes
configure:18579: checking for malloc
configure:18579: g++ -o conftest  -O2 -ffast-math -O3 -g -O2 -pthread -I /home/marco/Programme/JavaSDK/jdk/include -I /home/marco/Programme/JavaSDK/jdk/include/linux -I/usr/local/include -I/usr/include/ffmpeg -Dcimg_use_jpeg -Dcimg_use_png    -L/usr/local/lib -ljpeg -lpng conftest.cpp -lm -lmpg123 -lsamplerate -lsndfile -lswscale -lavformat -lavutil -lavcodec   >&5
configure:18579: $? = 0
configure:18579: result: yes
configure:18579: checking for realloc
configure:18579: g++ -o conftest  -O2 -ffast-math -O3 -g -O2 -pthread -I /home/marco/Programme/JavaSDK/jdk/include -I /home/marco/Programme/JavaSDK/jdk/include/linux -I/usr/local/include -I/usr/include/ffmpeg -Dcimg_use_jpeg -Dcimg_use_png    -L/usr/local/lib -ljpeg -lpng conftest.cpp -lm -lmpg123 -lsamplerate -lsndfile -lswscale -lavformat -lavutil -lavcodec   >&5
configure:18579: $? = 0
configure:18579: result: yes
configure:18579: checking for floor
configure:18579: g++ -o conftest  -O2 -ffast-math -O3 -g -O2 -pthread -I /home/marco/Programme/JavaSDK/jdk/include -I /home/marco/Programme/JavaSDK/jdk/include/linux -I/usr/local/include -I/usr/include/ffmpeg -Dcimg_use_jpeg -Dcimg_use_png    -L/usr/local/lib -ljpeg -lpng conftest.cpp -lm -lmpg123 -lsamplerate -lsndfile -lswscale -lavformat -lavutil -lavcodec   >&5
configure:18579: $? = 0
configure:18579: result: yes
configure:18579: checking for gettimeofday
configure:18579: g++ -o conftest  -O2 -ffast-math -O3 -g -O2 -pthread -I /home/marco/Programme/JavaSDK/jdk/include -I /home/marco/Programme/JavaSDK/jdk/include/linux -I/usr/local/include -I/usr/include/ffmpeg -Dcimg_use_jpeg -Dcimg_use_png    -L/usr/local/lib -ljpeg -lpng conftest.cpp -lm -lmpg123 -lsamplerate -lsndfile -lswscale -lavformat -lavutil -lavcodec   >&5
configure:18579: $? = 0
configure:18579: result: yes
configure:18579: checking for memmove
configure:18579: g++ -o conftest  -O2 -ffast-math -O3 -g -O2 -pthread -I /home/marco/Programme/JavaSDK/jdk/include -I /home/marco/Programme/JavaSDK/jdk/include/linux -I/usr/local/include -I/usr/include/ffmpeg -Dcimg_use_jpeg -Dcimg_use_png    -L/usr/local/lib -ljpeg -lpng conftest.cpp -lm -lmpg123 -lsamplerate -lsndfile -lswscale -lavformat -lavutil -lavcodec   >&5
configure:18579: $? = 0
configure:18579: result: yes
configure:18579: checking for memset
configure:18579: g++ -o conftest  -O2 -ffast-math -O3 -g -O2 -pthread -I /home/marco/Programme/JavaSDK/jdk/include -I /home/marco/Programme/JavaSDK/jdk/include/linux -I/usr/local/include -I/usr/include/ffmpeg -Dcimg_use_jpeg -Dcimg_use_png    -L/usr/local/lib -ljpeg -lpng conftest.cpp -lm -lmpg123 -lsamplerate -lsndfile -lswscale -lavformat -lavutil -lavcodec   >&5
configure:18579: $? = 0
configure:18579: result: yes
configure:18579: checking for pow
configure:18579: g++ -o conftest  -O2 -ffast-math -O3 -g -O2 -pthread -I /home/marco/Programme/JavaSDK/jdk/include -I /home/marco/Programme/JavaSDK/jdk/include/linux -I/usr/local/include -I/usr/include/ffmpeg -Dcimg_use_jpeg -Dcimg_use_png    -L/usr/local/lib -ljpeg -lpng conftest.cpp -lm -lmpg123 -lsamplerate -lsndfile -lswscale -lavformat -lavutil -lavcodec   >&5
configure:18579: $? = 0
configure:18579: result: yes
configure:18579: checking for sqrt
configure:18579: g++ -o conftest  -O2 -ffast-math -O3 -g -O2 -pthread -I /home/marco/Programme/JavaSDK/jdk/include -I /home/marco/Programme/JavaSDK/jdk/include/linux -I/usr/local/include -I/usr/include/ffmpeg -Dcimg_use_jpeg -Dcimg_use_png    -L/usr/local/lib -ljpeg -lpng conftest.cpp -lm -lmpg123 -lsamplerate -lsndfile -lswscale -lavformat -lavutil -lavcodec   >&5
configure:18579: $? = 0
configure:18579: result: yes
configure:18579: checking for strcasecmp
configure:18579: g++ -o conftest  -O2 -ffast-math -O3 -g -O2 -pthread -I /home/marco/Programme/JavaSDK/jdk/include -I /home/marco/Programme/JavaSDK/jdk/include/linux -I/usr/local/include -I/usr/include/ffmpeg -Dcimg_use_jpeg -Dcimg_use_png    -L/usr/local/lib -ljpeg -lpng conftest.cpp -lm -lmpg123 -lsamplerate -lsndfile -lswscale -lavformat -lavutil -lavcodec   >&5
configure:18579: $? = 0
configure:18579: result: yes
configure:18579: checking for strdup
configure:18579: g++ -o conftest  -O2 -ffast-math -O3 -g -O2 -pthread -I /home/marco/Programme/JavaSDK/jdk/include -I /home/marco/Programme/JavaSDK/jdk/include/linux -I/usr/local/include -I/usr/include/ffmpeg -Dcimg_use_jpeg -Dcimg_use_png    -L/usr/local/lib -ljpeg -lpng conftest.cpp -lm -lmpg123 -lsamplerate -lsndfile -lswscale -lavformat -lavutil -lavcodec   >&5
configure:18579: $? = 0
configure:18579: result: yes
configure:18579: checking for strncasecmp
configure:18579: g++ -o conftest  -O2 -ffast-math -O3 -g -O2 -pthread -I /home/marco/Programme/JavaSDK/jdk/include -I /home/marco/Programme/JavaSDK/jdk/include/linux -I/usr/local/include -I/usr/include/ffmpeg -Dcimg_use_jpeg -Dcimg_use_png    -L/usr/local/lib -ljpeg -lpng conftest.cpp -lm -lmpg123 -lsamplerate -lsndfile -lswscale -lavformat -lavutil -lavcodec   >&5
configure:18579: $? = 0
configure:18579: result: yes
configure:18745: creating ./config.status

## ---------------------- ##
## Running config.status. ##
## ---------------------- ##

This file was extended by pHash config.status 0.9.3, which was
generated by GNU Autoconf 2.65.  Invocation command line was

  CONFIG_FILES    = 
  CONFIG_HEADERS  = 
  CONFIG_LINKS    = 
  CONFIG_COMMANDS = 
  $ ./config.status 

on oben

config.status:1234: creating Makefile
config.status:1234: creating src/Makefile
config.status:1234: creating examples/Makefile
config.status:1234: creating pHash.pc
config.status:1234: creating bindings/Makefile
config.status:1234: creating bindings/java/Makefile
config.status:1234: creating config.h
config.status:1406: config.h is unchanged
config.status:1234: creating pHash-config.h
config.status:1406: pHash-config.h is unchanged
config.status:1454: executing depfiles commands
config.status:1454: executing libtool commands

## ---------------- ##
## Cache variables. ##
## ---------------- ##

ac_cv_build=i686-pc-linux-gnu
ac_cv_c_compiler_gnu=yes
ac_cv_c_inline=inline
ac_cv_c_int16_t=no
ac_cv_c_uint32_t=yes
ac_cv_c_uint8_t=yes
ac_cv_cxx_compiler_gnu=yes
ac_cv_env_CCC_set=
ac_cv_env_CCC_value=
ac_cv_env_CC_set=
ac_cv_env_CC_value=
ac_cv_env_CFLAGS_set=
ac_cv_env_CFLAGS_value=
ac_cv_env_CPPFLAGS_set=
ac_cv_env_CPPFLAGS_value=
ac_cv_env_CPP_set=
ac_cv_env_CPP_value=
ac_cv_env_CXXCPP_set=
ac_cv_env_CXXCPP_value=
ac_cv_env_CXXFLAGS_set=
ac_cv_env_CXXFLAGS_value=
ac_cv_env_CXX_set=
ac_cv_env_CXX_value=
ac_cv_env_LDFLAGS_set=
ac_cv_env_LDFLAGS_value=
ac_cv_env_LIBS_set=
ac_cv_env_LIBS_value=
ac_cv_env_build_alias_set=
ac_cv_env_build_alias_value=
ac_cv_env_host_alias_set=
ac_cv_env_host_alias_value=
ac_cv_env_target_alias_set=
ac_cv_env_target_alias_value=
ac_cv_file__etc_SuSErelease=no
ac_cv_file__etc_debian_version=yes
ac_cv_file__etc_gentoo_release=no
ac_cv_file__etc_redhat_release=no
ac_cv_file__etc_slackware_version=no
ac_cv_func_floor=yes
ac_cv_func_gettimeofday=yes
ac_cv_func_malloc=yes
ac_cv_func_memmove=yes
ac_cv_func_memset=yes
ac_cv_func_mremap=yes
ac_cv_func_pow=yes
ac_cv_func_realloc=yes
ac_cv_func_sqrt=yes
ac_cv_func_strcasecmp=yes
ac_cv_func_strdup=yes
ac_cv_func_strncasecmp=yes
ac_cv_header_CImg_h=yes
ac_cv_header_dlfcn_h=yes
ac_cv_header_inttypes_h=yes
ac_cv_header_jni_h=no
ac_cv_header_limits_h=yes
ac_cv_header_memory_h=yes
ac_cv_header_stdbool_h=yes
ac_cv_header_stdc=yes
ac_cv_header_stdint_h=yes
ac_cv_header_stdlib_h=yes
ac_cv_header_string_h=yes
ac_cv_header_strings_h=yes
ac_cv_header_sys_stat_h=yes
ac_cv_header_sys_time_h=yes
ac_cv_header_sys_types_h=yes
ac_cv_header_unistd_h=yes
ac_cv_host=i686-pc-linux-gnu
ac_cv_lib_avcodec_avcodec_alloc_frame=yes
ac_cv_lib_avformat_av_read_frame=yes
ac_cv_lib_avutil_av_log_set_level=yes
ac_cv_lib_error_at_line=yes
ac_cv_lib_jpeg_jpeg_read_header=yes
ac_cv_lib_m_sqrt=yes
ac_cv_lib_mpg123_mpg123_init=yes
ac_cv_lib_png_png_create_read_struct=yes
ac_cv_lib_samplerate_src_process=yes
ac_cv_lib_sndfile_sf_readf_float=yes
ac_cv_lib_swscale_sws_getContext=yes
ac_cv_objext=o
ac_cv_path_EGREP='/bin/grep -E'
ac_cv_path_FGREP='/bin/grep -F'
ac_cv_path_GREP=/bin/grep
ac_cv_path_SED=/bin/sed
ac_cv_path_install='/usr/bin/install -c'
ac_cv_path_mkdir=/bin/mkdir
ac_cv_prog_AWK=gawk
ac_cv_prog_CPP='gcc -E'
ac_cv_prog_CXXCPP='g++ -E'
ac_cv_prog_ac_ct_AR=ar
ac_cv_prog_ac_ct_CC=gcc
ac_cv_prog_ac_ct_CXX=g++
ac_cv_prog_ac_ct_OBJDUMP=objdump
ac_cv_prog_ac_ct_RANLIB=ranlib
ac_cv_prog_ac_ct_STRIP=strip
ac_cv_prog_cc_c89=
ac_cv_prog_cc_g=yes
ac_cv_prog_cxx_g=yes
ac_cv_prog_make_make_set=yes
ac_cv_type__Bool=no
ac_cv_type_size_t=yes
ac_cv_type_uint64_t=yes
am_cv_CC_dependencies_compiler_type=gcc3
am_cv_CXX_dependencies_compiler_type=gcc3
am_cv_GCJ_dependencies_compiler_type=none
lt_cv_deplibs_check_method=pass_all
lt_cv_file_magic_cmd='$MAGIC_CMD'
lt_cv_file_magic_test_file=
lt_cv_ld_reload_flag=-r
lt_cv_nm_interface='BSD nm'
lt_cv_objdir=.libs
lt_cv_path_LD=/usr/bin/ld
lt_cv_path_LDCXX=/usr/bin/ld
lt_cv_path_NM='/usr/bin/nm -B'
lt_cv_prog_compiler_c_o=yes
lt_cv_prog_compiler_c_o_CXX=yes
lt_cv_prog_compiler_c_o_GCJ=no
lt_cv_prog_compiler_pic_works=yes
lt_cv_prog_compiler_pic_works_CXX=yes
lt_cv_prog_compiler_pic_works_GCJ=no
lt_cv_prog_compiler_rtti_exceptions=no
lt_cv_prog_compiler_static_works=yes
lt_cv_prog_compiler_static_works_CXX=yes
lt_cv_prog_compiler_static_works_GCJ=no
lt_cv_prog_gnu_ld=yes
lt_cv_prog_gnu_ldcxx=yes
lt_cv_sys_global_symbol_pipe='sed -n -e '\''s/^.*[	 ]\([ABCDGIRSTW][ABCDGIRSTW]*\)[	 ][	 ]*\([_A-Za-z][_A-Za-z0-9]*\)$/\1 \2 \2/p'\'''
lt_cv_sys_global_symbol_to_c_name_address='sed -n -e '\''s/^: \([^ ]*\) $/  {\"\1\", (void *) 0},/p'\'' -e '\''s/^[ABCDGIRSTW]* \([^ ]*\) \([^ ]*\)$/  {"\2", (void *) \&\2},/p'\'''
lt_cv_sys_global_symbol_to_c_name_address_lib_prefix='sed -n -e '\''s/^: \([^ ]*\) $/  {\"\1\", (void *) 0},/p'\'' -e '\''s/^[ABCDGIRSTW]* \([^ ]*\) \(lib[^ ]*\)$/  {"\2", (void *) \&\2},/p'\'' -e '\''s/^[ABCDGIRSTW]* \([^ ]*\) \([^ ]*\)$/  {"lib\2", (void *) \&\2},/p'\'''
lt_cv_sys_global_symbol_to_cdecl='sed -n -e '\''s/^T .* \(.*\)$/extern int \1();/p'\'' -e '\''s/^[ABCDGIRSTW]* .* \(.*\)$/extern char \1;/p'\'''
lt_cv_sys_max_cmd_len=1572864

## ----------------- ##
## Output variables. ##
## ----------------- ##

ACLOCAL='${SHELL} /home/marco/Uni/FHB/WS1011/MS/pHash-0.9.3/missing --run aclocal-1.11'
AMDEPBACKSLASH='\'
AMDEP_FALSE='#'
AMDEP_TRUE=''
AMTAR='${SHELL} /home/marco/Uni/FHB/WS1011/MS/pHash-0.9.3/missing --run tar'
AR='ar'
AUTOCONF='${SHELL} /home/marco/Uni/FHB/WS1011/MS/pHash-0.9.3/missing --run autoconf'
AUTOHEADER='${SHELL} /home/marco/Uni/FHB/WS1011/MS/pHash-0.9.3/missing --run autoheader'
AUTOMAKE='${SHELL} /home/marco/Uni/FHB/WS1011/MS/pHash-0.9.3/missing --run automake-1.11'
AWK='gawk'
CC='gcc'
CCDEPMODE='depmode=gcc3'
CFLAGS=' -O2 -ffast-math -O3'
CPP='gcc -E'
CPPFLAGS='-g -O2 -pthread -I /home/marco/Programme/JavaSDK/jdk/include -I /home/marco/Programme/JavaSDK/jdk/include/linux -I/usr/local/include -I/usr/include/ffmpeg -Dcimg_use_jpeg -Dcimg_use_png'
CXX='g++'
CXXCPP='g++ -E'
CXXDEPMODE='depmode=gcc3'
CXXFLAGS=' -O2 -ffast-math -O3'
CYGPATH_W='echo'
DEFS='-DHAVE_CONFIG_H'
DEPDIR='.deps'
DSYMUTIL=''
DUMPBIN=''
ECHO_C=''
ECHO_N='-n'
ECHO_T=''
EGREP='/bin/grep -E'
EXEEXT=''
FGREP='/bin/grep -F'
GCJ='gcj'
GCJDEPMODE='depmode=none'
GCJFLAGS='-g -O2'
GREP='/bin/grep'
HAVE_AUDIO_HASH_FALSE='#'
HAVE_AUDIO_HASH_TRUE=''
HAVE_IMAGE_HASH_FALSE='#'
HAVE_IMAGE_HASH_TRUE=''
HAVE_PTHREAD_FALSE='#'
HAVE_PTHREAD_TRUE=''
HAVE_VIDEO_HASH_FALSE='#'
HAVE_VIDEO_HASH_TRUE=''
INSTALL_DATA='${INSTALL} -m 644'
INSTALL_PROGRAM='${INSTALL}'
INSTALL_SCRIPT='${INSTALL}'
INSTALL_STRIP_PROGRAM='$(install_sh) -c -s'
LD='/usr/bin/ld'
LDFLAGS='   -L/usr/local/lib -ljpeg -lpng'
LIBOBJS=''
LIBS='-lm -lmpg123 -lsamplerate -lsndfile -lswscale -lavformat -lavutil -lavcodec  '
LIBTOOL='$(SHELL) $(top_builddir)/libtool'
LIBTOOLS_DEPS=''
LIPO=''
LN_S='ln -s'
LTLIBOBJS=''
MAKEINFO='${SHELL} /home/marco/Uni/FHB/WS1011/MS/pHash-0.9.3/missing --run makeinfo'
MKDIR_P='/bin/mkdir -p'
NM='/usr/bin/nm -B'
NMEDIT=''
OBJDUMP='objdump'
OBJEXT='o'
OTOOL64=''
OTOOL=''
PACKAGE='pHash'
PACKAGE_BUGREPORT='support@phash.org'
PACKAGE_NAME='pHash'
PACKAGE_STRING='pHash 0.9.3'
PACKAGE_TARNAME='phash'
PACKAGE_URL=''
PACKAGE_VERSION='0.9.3'
PATH_SEPARATOR=':'
PTHREAD_CC='gcc'
PTHREAD_CFLAGS='-pthread'
PTHREAD_LIBS=''
RANLIB='ranlib'
SED='/bin/sed'
SET_MAKE=''
SHELL='/bin/bash'
STRIP='strip'
VERSION='0.9.3'
WITH_JAVA_FALSE='#'
WITH_JAVA_TRUE=''
ac_ct_CC='gcc'
ac_ct_CXX='g++'
ac_ct_DUMPBIN=''
ac_ct_GCJ=''
am__EXEEXT_FALSE=''
am__EXEEXT_TRUE='#'
am__fastdepCC_FALSE='#'
am__fastdepCC_TRUE=''
am__fastdepCXX_FALSE='#'
am__fastdepCXX_TRUE=''
am__fastdepGCJ_FALSE=''
am__fastdepGCJ_TRUE='#'
am__include='include'
am__isrc=''
am__leading_dot='.'
am__quote=''
am__tar='${AMTAR} chof - "$$tardir"'
am__untar='${AMTAR} xf -'
ax_pthread_config=''
bindir='${exec_prefix}/bin'
build='i686-pc-linux-gnu'
build_alias=''
build_cpu='i686'
build_os='linux-gnu'
build_vendor='pc'
datadir='${datarootdir}'
datarootdir='${prefix}/share'
docdir='${datarootdir}/doc/${PACKAGE_TARNAME}'
dvidir='${docdir}'
exec_prefix='${prefix}'
host='i686-pc-linux-gnu'
host_alias=''
host_cpu='i686'
host_os='linux-gnu'
host_vendor='pc'
htmldir='${docdir}'
includedir='${prefix}/include'
infodir='${datarootdir}/info'
install_sh='${SHELL} /home/marco/Uni/FHB/WS1011/MS/pHash-0.9.3/install-sh'
libdir='${exec_prefix}/lib'
libexecdir='${exec_prefix}/libexec'
localedir='${datarootdir}/locale'
localstatedir='${prefix}/var'
lt_ECHO='echo'
mandir='${datarootdir}/man'
mkdir_p='/bin/mkdir -p'
oldincludedir='/usr/include'
pdfdir='${docdir}'
prefix='/usr/local'
program_transform_name='s,x,x,'
psdir='${docdir}'
sbindir='${exec_prefix}/sbin'
sharedstatedir='${prefix}/com'
sysconfdir='${prefix}/etc'
target_alias=''

## ----------- ##
## confdefs.h. ##
## ----------- ##

/* confdefs.h */
#define PACKAGE_NAME "pHash"
#define PACKAGE_TARNAME "phash"
#define PACKAGE_VERSION "0.9.3"
#define PACKAGE_STRING "pHash 0.9.3"
#define PACKAGE_BUGREPORT "support@phash.org"
#define PACKAGE_URL ""
#define PACKAGE "pHash"
#define VERSION "0.9.3"
#define HAVE_PTHREAD 1
#define STDC_HEADERS 1
#define HAVE_SYS_TYPES_H 1
#define HAVE_SYS_STAT_H 1
#define HAVE_STDLIB_H 1
#define HAVE_STRING_H 1
#define HAVE_MEMORY_H 1
#define HAVE_STRINGS_H 1
#define HAVE_INTTYPES_H 1
#define HAVE_STDINT_H 1
#define HAVE_UNISTD_H 1
#define HAVE_DLFCN_H 1
#define LT_OBJDIR ".libs/"
#define HAVE_IMAGE_HASH 1
#define HAVE_LIBAVCODEC 1
#define HAVE_LIBAVUTIL 1
#define HAVE_LIBAVFORMAT 1
#define HAVE_LIBSWSCALE 1
#define HAVE_VIDEO_HASH 1
#define HAVE_LIBSNDFILE 1
#define HAVE_LIBSAMPLERATE 1
#define HAVE_LIBMPG123 1
#define HAVE_AUDIO_HASH 1
#define HAVE_LIBM 1
#define HAVE_LIMITS_H 1
#define HAVE_STDLIB_H 1
#define HAVE_STRING_H 1
#define HAVE_SYS_TIME_H 1
#define HAVE_UNISTD_H 1
#define HAVE_STDBOOL_H 1
#define HAVE_MREMAP 1
#define HAVE_MALLOC 1
#define HAVE_REALLOC 1
#define HAVE_FLOOR 1
#define HAVE_GETTIMEOFDAY 1
#define HAVE_MEMMOVE 1
#define HAVE_MEMSET 1
#define HAVE_POW 1
#define HAVE_SQRT 1
#define HAVE_STRCASECMP 1
#define HAVE_STRDUP 1
#define HAVE_STRNCASECMP 1

configure: exit 0
